<?xml version="1.0" encoding="UTF-8"?>
<testsuite xmlns:xsi="http://www.w3.org/2001/XMLSchema-instance" xsi:noNamespaceSchemaLocation="https://maven.apache.org/surefire/maven-surefire-plugin/xsd/surefire-test-report.xsd" name="com.springBootMegaProject.productService.ProductServiceApplicationTests" time="9.568" tests="2" errors="0" skipped="0" failures="2">
  <properties>
[...]
</properties>
  <testcase name="shouldGetProduct" classname="com.springBootMegaProject.productService.ProductServiceApplicationTests" time="0.817">
    <failure message="expected: &lt;5&gt; but was: &lt;9&gt;" type="org.opentest4j.AssertionFailedError"><![CDATA[org.opentest4j.AssertionFailedError: expected: <5> but was: <9>
	at com.springBootMegaProject.productService.ProductServiceApplicationTests.shouldGetProduct(ProductServiceApplicationTests.java:66)
]]></failure>
    <system-out><![CDATA[14:06:39.716 [main] DEBUG org.springframework.boot.test.context.SpringBootTestContextBootstrapper -- Neither @ContextConfiguration nor @ContextHierarchy found for test class [ProductServiceApplicationTests]: using SpringBootContextLoader
14:06:39.719 [main] DEBUG org.springframework.test.context.support.AbstractContextLoader -- Could not detect default resource locations for test class [com.springBootMegaProject.productService.ProductServiceApplicationTests]: no resource found for suffixes {-context.xml, Context.groovy}.
14:06:39.719 [main] INFO org.springframework.test.context.support.AnnotationConfigContextLoaderUtils -- Could not detect default configuration classes for test class [com.springBootMegaProject.productService.ProductServiceApplicationTests]: ProductServiceApplicationTests does not declare any static, non-private, non-final, nested classes annotated with @Configuration.
14:06:39.754 [main] DEBUG org.springframework.boot.test.context.SpringBootTestContextBootstrapper -- Using ContextCustomizers for test class [ProductServiceApplicationTests]: [ImportsContextCustomizer, ExcludeFilterContextCustomizer, DuplicateJsonObjectContextCustomizer, MockitoContextCustomizer, TestRestTemplateContextCustomizer, DisableObservabilityContextCustomizer, PropertyMappingContextCustomizer, Customizer, DynamicPropertiesContextCustomizer]
14:06:39.819 [main] DEBUG org.springframework.context.annotation.ClassPathScanningCandidateComponentProvider -- Identified candidate component class: file [D:\microservices-new\product-service\target\classes\com\springBootMegaProject\productService\ProductServiceApplication.class]
14:06:39.821 [main] INFO org.springframework.boot.test.context.SpringBootTestContextBootstrapper -- Found @SpringBootConfiguration com.springBootMegaProject.productService.ProductServiceApplication for test class com.springBootMegaProject.productService.ProductServiceApplicationTests
14:06:39.959 [main] DEBUG org.springframework.boot.test.context.SpringBootTestContextBootstrapper -- Using TestExecutionListeners for test class [ProductServiceApplicationTests]: [ServletTestExecutionListener, DirtiesContextBeforeModesTestExecutionListener, ApplicationEventsTestExecutionListener, MockitoTestExecutionListener, DependencyInjectionTestExecutionListener, DirtiesContextTestExecutionListener, TransactionalTestExecutionListener, SqlScriptsTestExecutionListener, EventPublishingTestExecutionListener, ResetMocksTestExecutionListener, RestDocsTestExecutionListener, MockRestServiceServerResetTestExecutionListener, MockMvcPrintOnlyOnFailureTestExecutionListener, WebDriverTestExecutionListener, MockWebServiceServerTestExecutionListener]
14:06:39.960 [main] DEBUG org.springframework.test.context.support.AbstractDirtiesContextTestExecutionListener -- Before test class: class [ProductServiceApplicationTests], class annotated with @DirtiesContext [false] with mode [null]
14:06:40.084 [main] DEBUG org.testcontainers.utility.TestcontainersConfiguration -- Testcontainers configuration overrides will be loaded from file:/C:/Users/abhinav%20kumar/.testcontainers.properties
14:06:40.109 [main] WARN org.testcontainers.utility.TestcontainersConfiguration -- Attempted to read Testcontainers configuration file at file:/C:/Users/abhinav%20kumar/.testcontainers.properties but the file was not found. Exception message: FileNotFoundException: C:\Users\abhinav kumar\.testcontainers.properties (The system cannot find the file specified)
14:06:40.112 [main] INFO org.testcontainers.utility.ImageNameSubstitutor -- Image name substitution will be performed by: DefaultImageNameSubstitutor (composite of 'ConfigurationFileImageNameSubstitutor' and 'PrefixingImageNameSubstitutor')
14:06:40.301 [main] DEBUG org.testcontainers.dockerclient.DockerClientProviderStrategy -- Trying out strategy: TestcontainersHostPropertyClientProviderStrategy
14:06:40.481 [main] DEBUG org.testcontainers.shaded.com.github.dockerjava.core.command.AbstrDockerCmd -- Cmd: 
14:06:40.521 [main] DEBUG com.github.dockerjava.zerodep.shaded.org.apache.hc.client5.http.impl.classic.InternalHttpClient -- ex-00000001: preparing request execution
14:06:40.525 [main] DEBUG com.github.dockerjava.zerodep.shaded.org.apache.hc.client5.http.protocol.RequestAddCookies -- Cookie spec selected: strict
14:06:40.528 [main] DEBUG com.github.dockerjava.zerodep.shaded.org.apache.hc.client5.http.protocol.RequestAuthCache -- Auth cache not set in the context
14:06:40.529 [main] DEBUG com.github.dockerjava.zerodep.shaded.org.apache.hc.client5.http.impl.classic.ProtocolExec -- ex-00000001: target auth state: UNCHALLENGED
14:06:40.529 [main] DEBUG com.github.dockerjava.zerodep.shaded.org.apache.hc.client5.http.impl.classic.ProtocolExec -- ex-00000001: proxy auth state: UNCHALLENGED
14:06:40.529 [main] DEBUG com.github.dockerjava.zerodep.shaded.org.apache.hc.client5.http.impl.classic.ConnectExec -- ex-00000001: acquiring connection with route {}->npipe://localhost:2375
14:06:40.530 [main] DEBUG com.github.dockerjava.zerodep.shaded.org.apache.hc.client5.http.impl.classic.InternalHttpClient -- ex-00000001: acquiring endpoint (3 MINUTES)
14:06:40.531 [main] DEBUG com.github.dockerjava.zerodep.shaded.org.apache.hc.client5.http.impl.io.PoolingHttpClientConnectionManager -- ex-00000001: endpoint lease request (3 MINUTES) [route: {}->npipe://localhost:2375][total available: 0; route allocated: 0 of 2147483647; total allocated: 0 of 2147483647]
14:06:40.533 [main] DEBUG com.github.dockerjava.zerodep.shaded.org.apache.hc.client5.http.impl.io.PoolingHttpClientConnectionManager -- ex-00000001: endpoint leased [route: {}->npipe://localhost:2375][total available: 0; route allocated: 1 of 2147483647; total allocated: 1 of 2147483647]
14:06:40.540 [main] DEBUG com.github.dockerjava.zerodep.shaded.org.apache.hc.client5.http.impl.io.PoolingHttpClientConnectionManager -- ex-00000001: acquired ep-00000000
14:06:40.540 [main] DEBUG com.github.dockerjava.zerodep.shaded.org.apache.hc.client5.http.impl.classic.InternalHttpClient -- ex-00000001: acquired endpoint ep-00000000
14:06:40.540 [main] DEBUG com.github.dockerjava.zerodep.shaded.org.apache.hc.client5.http.impl.classic.ConnectExec -- ex-00000001: opening connection {}->npipe://localhost:2375
14:06:40.540 [main] DEBUG com.github.dockerjava.zerodep.shaded.org.apache.hc.client5.http.impl.classic.InternalHttpClient -- ep-00000000: connecting endpoint (3 MINUTES)
14:06:40.541 [main] DEBUG com.github.dockerjava.zerodep.shaded.org.apache.hc.client5.http.impl.io.PoolingHttpClientConnectionManager -- ep-00000000: connecting endpoint to npipe://localhost:2375 (3 MINUTES)
14:06:40.545 [main] DEBUG com.github.dockerjava.zerodep.shaded.org.apache.hc.client5.http.impl.io.DefaultHttpClientConnectionOperator -- http-outgoing-0: connecting to localhost/127.0.0.1:2375
14:06:40.545 [main] DEBUG com.github.dockerjava.zerodep.shaded.org.apache.hc.client5.http.impl.io.DefaultHttpClientConnectionOperator -- http-outgoing-0: connection established 
14:06:40.546 [main] DEBUG com.github.dockerjava.zerodep.shaded.org.apache.hc.client5.http.impl.io.PoolingHttpClientConnectionManager -- ep-00000000: connected http-outgoing-0
14:06:40.546 [main] DEBUG com.github.dockerjava.zerodep.shaded.org.apache.hc.client5.http.impl.classic.InternalHttpClient -- ep-00000000: endpoint connected
14:06:40.546 [main] DEBUG com.github.dockerjava.zerodep.shaded.org.apache.hc.client5.http.impl.classic.MainClientExec -- ex-00000001: executing GET /v1.32/info HTTP/1.1
14:06:40.547 [main] DEBUG com.github.dockerjava.zerodep.shaded.org.apache.hc.client5.http.impl.classic.InternalHttpClient -- ep-00000000: start execution ex-00000001
14:06:40.547 [main] DEBUG com.github.dockerjava.zerodep.shaded.org.apache.hc.client5.http.impl.io.PoolingHttpClientConnectionManager -- ep-00000000: executing exchange ex-00000001 over http-outgoing-0
14:06:40.548 [main] DEBUG com.github.dockerjava.zerodep.shaded.org.apache.hc.client5.http.headers -- http-outgoing-0 >> GET /v1.32/info HTTP/1.1
14:06:40.548 [main] DEBUG com.github.dockerjava.zerodep.shaded.org.apache.hc.client5.http.headers -- http-outgoing-0 >> x-tc-sid: da367256-b0ba-4546-b6e9-925b7156127f
14:06:40.548 [main] DEBUG com.github.dockerjava.zerodep.shaded.org.apache.hc.client5.http.headers -- http-outgoing-0 >> Accept-Encoding: gzip, x-gzip, deflate
14:06:40.548 [main] DEBUG com.github.dockerjava.zerodep.shaded.org.apache.hc.client5.http.headers -- http-outgoing-0 >> Host: localhost:2375
14:06:40.548 [main] DEBUG com.github.dockerjava.zerodep.shaded.org.apache.hc.client5.http.headers -- http-outgoing-0 >> Connection: keep-alive
14:06:40.548 [main] DEBUG com.github.dockerjava.zerodep.shaded.org.apache.hc.client5.http.headers -- http-outgoing-0 >> User-Agent: Apache-HttpClient/5.0.3 (Java/17)
14:06:40.549 [main] DEBUG com.github.dockerjava.zerodep.shaded.org.apache.hc.client5.http.wire -- http-outgoing-0 >> "GET /v1.32/info HTTP/1.1[\r][\n]"
14:06:40.549 [main] DEBUG com.github.dockerjava.zerodep.shaded.org.apache.hc.client5.http.wire -- http-outgoing-0 >> "x-tc-sid: da367256-b0ba-4546-b6e9-925b7156127f[\r][\n]"
14:06:40.549 [main] DEBUG com.github.dockerjava.zerodep.shaded.org.apache.hc.client5.http.wire -- http-outgoing-0 >> "Accept-Encoding: gzip, x-gzip, deflate[\r][\n]"
14:06:40.549 [main] DEBUG com.github.dockerjava.zerodep.shaded.org.apache.hc.client5.http.wire -- http-outgoing-0 >> "Host: localhost:2375[\r][\n]"
14:06:40.549 [main] DEBUG com.github.dockerjava.zerodep.shaded.org.apache.hc.client5.http.wire -- http-outgoing-0 >> "Connection: keep-alive[\r][\n]"
14:06:40.549 [main] DEBUG com.github.dockerjava.zerodep.shaded.org.apache.hc.client5.http.wire -- http-outgoing-0 >> "User-Agent: Apache-HttpClient/5.0.3 (Java/17)[\r][\n]"
14:06:40.549 [main] DEBUG com.github.dockerjava.zerodep.shaded.org.apache.hc.client5.http.wire -- http-outgoing-0 >> "[\r][\n]"
14:06:40.558 [main] DEBUG com.github.dockerjava.zerodep.shaded.org.apache.hc.client5.http.wire -- http-outgoing-0 << "HTTP/1.1 200 OK[\r][\n]"
14:06:40.558 [main] DEBUG com.github.dockerjava.zerodep.shaded.org.apache.hc.client5.http.wire -- http-outgoing-0 << "Api-Version: 1.43[\r][\n]"
14:06:40.558 [main] DEBUG com.github.dockerjava.zerodep.shaded.org.apache.hc.client5.http.wire -- http-outgoing-0 << "Content-Type: application/json[\r][\n]"
14:06:40.558 [main] DEBUG com.github.dockerjava.zerodep.shaded.org.apache.hc.client5.http.wire -- http-outgoing-0 << "Date: Wed, 07 Jun 2023 08:36:40 GMT[\r][\n]"
14:06:40.558 [main] DEBUG com.github.dockerjava.zerodep.shaded.org.apache.hc.client5.http.wire -- http-outgoing-0 << "Docker-Experimental: false[\r][\n]"
14:06:40.558 [main] DEBUG com.github.dockerjava.zerodep.shaded.org.apache.hc.client5.http.wire -- http-outgoing-0 << "Ostype: linux[\r][\n]"
14:06:40.558 [main] DEBUG com.github.dockerjava.zerodep.shaded.org.apache.hc.client5.http.wire -- http-outgoing-0 << "Server: Docker/24.0.2 (linux)[\r][\n]"
14:06:40.558 [main] DEBUG com.github.dockerjava.zerodep.shaded.org.apache.hc.client5.http.wire -- http-outgoing-0 << "Transfer-Encoding: chunked[\r][\n]"
14:06:40.558 [main] DEBUG com.github.dockerjava.zerodep.shaded.org.apache.hc.client5.http.wire -- http-outgoing-0 << "[\r][\n]"
14:06:40.560 [main] DEBUG com.github.dockerjava.zerodep.shaded.org.apache.hc.client5.http.headers -- http-outgoing-0 << HTTP/1.1 200 OK
14:06:40.561 [main] DEBUG com.github.dockerjava.zerodep.shaded.org.apache.hc.client5.http.headers -- http-outgoing-0 << Api-Version: 1.43
14:06:40.561 [main] DEBUG com.github.dockerjava.zerodep.shaded.org.apache.hc.client5.http.headers -- http-outgoing-0 << Content-Type: application/json
14:06:40.561 [main] DEBUG com.github.dockerjava.zerodep.shaded.org.apache.hc.client5.http.headers -- http-outgoing-0 << Date: Wed, 07 Jun 2023 08:36:40 GMT
14:06:40.561 [main] DEBUG com.github.dockerjava.zerodep.shaded.org.apache.hc.client5.http.headers -- http-outgoing-0 << Docker-Experimental: false
14:06:40.561 [main] DEBUG com.github.dockerjava.zerodep.shaded.org.apache.hc.client5.http.headers -- http-outgoing-0 << Ostype: linux
14:06:40.561 [main] DEBUG com.github.dockerjava.zerodep.shaded.org.apache.hc.client5.http.headers -- http-outgoing-0 << Server: Docker/24.0.2 (linux)
14:06:40.561 [main] DEBUG com.github.dockerjava.zerodep.shaded.org.apache.hc.client5.http.headers -- http-outgoing-0 << Transfer-Encoding: chunked
14:06:40.563 [main] DEBUG com.github.dockerjava.zerodep.shaded.org.apache.hc.client5.http.impl.classic.MainClientExec -- ex-00000001: connection can be kept alive for 3 MINUTES
14:06:40.565 [main] DEBUG com.github.dockerjava.zerodep.shaded.org.apache.hc.client5.http.wire -- http-outgoing-0 << "a5e[\r][\n]"
14:06:40.565 [main] DEBUG com.github.dockerjava.zerodep.shaded.org.apache.hc.client5.http.wire -- http-outgoing-0 << "{"ID":"470d0f4d-e5b9-4869-ac66-a9f66871c4cf","Containers":0,"ContainersRunning":0,"ContainersPaused":0,"ContainersStopped":0,"Images":2,"Driver":"overlay2","DriverStatus":[["Backing Filesystem","extfs"],["Supports d_type","true"],["Using metacopy","false"],["Native Overlay Diff","true"],["userxattr","false"]],"Plugins":{"Volume":["local"],"Network":["bridge","host","ipvlan","macvlan","null","overlay"],"Authorization":null,"Log":["awslogs","fluentd","gcplogs","gelf","journald","json-file","local","logentries","splunk","syslog"]},"MemoryLimit":true,"SwapLimit":true,"KernelMemory":true,"KernelMemoryTCP":true,"CpuCfsPeriod":true,"CpuCfsQuota":true,"CPUShares":true,"CPUSet":true,"PidsLimit":true,"IPv4Forwarding":true,"BridgeNfIptables":true,"BridgeNfIp6tables":true,"Debug":false,"NFd":42,"OomKillDisable":true,"NGoroutines":63,"SystemTime":"2023-06-07T08:36:40.551981384Z","LoggingDriver":"json-file","CgroupDriver":"cgroupfs","CgroupVersion":"1","NEventsListener":9,"KernelVersion":"5.15.90.1-microsoft-standard-WSL2","OperatingSystem":"Docker Desktop","OSVersion":"","OSType":"linux","Architecture":"x86_64","IndexServerAddress":"https://index.docker.io/v1/","RegistryConfig":{"AllowNondistributableArtifactsCIDRs":null,"AllowNondistributableArtifactsHostnames":null,"InsecureRegistryCIDRs":["127.0.0.0/8"],"IndexConfigs":{"docker.io":{"Name":"docker.io","Mirrors":[],"Secure":true,"Official":true},"hubproxy.docker.internal:5555":{"Name":"hubproxy.docker.internal:5555","Mirrors":[],"Secure":false,"Official":false}},"Mirrors":null},"NCPU":12,"MemTotal":8008085504,"GenericResources":null,"DockerRootDir":"/var/lib/docker","HttpProxy":"http.docker.internal:3128","HttpsProxy":"http.docker.internal:3128","NoProxy":"hubproxy.docker.internal","Name":"docker-desktop","Labels":[],"ExperimentalBuild":false,"ServerVersion":"24.0.2","Runtimes":{"io.containerd.runc.v2":{"path":"runc"},"runc":{"path":"runc"}},"DefaultRuntime":"runc","Swarm":{"NodeID":"","NodeAddr":"","LocalNodeState":"inactive","ControlAvailable":false,"Error":"","RemoteManagers":null},"LiveRestoreEnabled":false,"Isolation":"","InitBinary":"docker-init","ContainerdCommit":{"ID":"3dce8eb055cbb6872793272b4f20ed16117344f8","Expected":"3dce8eb055cbb6872793272b4f20ed16117344f8"},"RuncCommit":{"ID":"v1.1.7-0-g860f061","Expected":"v1.1.7-0-g860f061"},"InitCommit":{"ID":"de40ad0","Expected":"de40ad0"},"SecurityOptions":["name=seccomp,profile=builtin"],"Warnings":["WARNING: No blkio throttle.read_bps_device support","WARNING: No blkio throttle.write_bps_device support","WARNING: No blkio throttle.read_iops_device support","WARNING: No blkio throttle.write_iops_device support"]}[\n]"
14:06:40.565 [main] DEBUG com.github.dockerjava.zerodep.shaded.org.apache.hc.client5.http.wire -- http-outgoing-0 << "[\r][\n]"
14:06:40.565 [main] DEBUG com.github.dockerjava.zerodep.shaded.org.apache.hc.client5.http.wire -- http-outgoing-0 << "0[\r][\n]"
14:06:40.565 [main] DEBUG com.github.dockerjava.zerodep.shaded.org.apache.hc.client5.http.wire -- http-outgoing-0 << "[\r][\n]"
14:06:40.645 [main] DEBUG com.github.dockerjava.zerodep.shaded.org.apache.hc.client5.http.impl.classic.InternalHttpClient -- ep-00000000: releasing valid endpoint
14:06:40.645 [main] DEBUG com.github.dockerjava.zerodep.shaded.org.apache.hc.client5.http.impl.io.PoolingHttpClientConnectionManager -- ep-00000000: releasing endpoint
14:06:40.645 [main] DEBUG com.github.dockerjava.zerodep.shaded.org.apache.hc.client5.http.impl.io.PoolingHttpClientConnectionManager -- ep-00000000: connection http-outgoing-0 can be kept alive for 3 MINUTES
14:06:40.646 [main] DEBUG com.github.dockerjava.zerodep.shaded.org.apache.hc.client5.http.impl.io.PoolingHttpClientConnectionManager -- ep-00000000: connection released [route: {}->npipe://localhost:2375][total available: 1; route allocated: 1 of 2147483647; total allocated: 1 of 2147483647]
14:06:40.646 [main] INFO org.testcontainers.dockerclient.DockerClientProviderStrategy -- Found Docker environment with Testcontainers Host with tc.host=npipe:////./pipe/docker_engine
14:06:40.646 [main] DEBUG org.testcontainers.dockerclient.DockerClientProviderStrategy -- Transport type: 'httpclient5', Docker host: 'npipe:////./pipe/docker_engine'
14:06:40.646 [main] DEBUG org.testcontainers.dockerclient.DockerClientProviderStrategy -- Checking Docker OS type for Testcontainers Host with tc.host=npipe:////./pipe/docker_engine
14:06:40.648 [main] INFO org.testcontainers.DockerClientFactory -- Docker host IP address is localhost
14:06:40.648 [main] DEBUG org.testcontainers.DockerClientFactory -- Docker info: {NGoroutines=63, Name=docker-desktop, Swarm={NodeID=, NodeAddr=, LocalNodeState=inactive, ControlAvailable=false, Error=, RemoteManagers=null}, RuncCommit={ID=v1.1.7-0-g860f061, Expected=v1.1.7-0-g860f061}, OSVersion=, Runtimes={io.containerd.runc.v2={path=runc}, runc={path=runc}}, ID=470d0f4d-e5b9-4869-ac66-a9f66871c4cf, DriverStatus=[[Backing Filesystem, extfs], [Supports d_type, true], [Using metacopy, false], [Native Overlay Diff, true], [userxattr, false]], BridgeNfIptables=true, LiveRestoreEnabled=false, SystemTime=2023-06-07T08:36:40.551981384Z, NoProxy=hubproxy.docker.internal, Architecture=x86_64, NEventsListener=9, HttpsProxy=http.docker.internal:3128, Images=2, ContainersRunning=0, Labels=[], InitCommit={ID=de40ad0, Expected=de40ad0}, NFd=42, KernelVersion=5.15.90.1-microsoft-standard-WSL2, LoggingDriver=json-file, OSType=linux, SecurityOptions=[name=seccomp,profile=builtin], ContainerdCommit={ID=3dce8eb055cbb6872793272b4f20ed16117344f8, Expected=3dce8eb055cbb6872793272b4f20ed16117344f8}, GenericResources=null, KernelMemory=true, OperatingSystem=Docker Desktop, RegistryConfig={AllowNondistributableArtifactsCIDRs=null, AllowNondistributableArtifactsHostnames=null, InsecureRegistryCIDRs=[127.0.0.0/8], IndexConfigs={docker.io={Name=docker.io, Mirrors=[], Secure=true, Official=true}, hubproxy.docker.internal:5555={Name=hubproxy.docker.internal:5555, Mirrors=[], Secure=false, Official=false}}, Mirrors=null}, ServerVersion=24.0.2, OomKillDisable=true, CpuCfsQuota=true, Containers=0, Driver=overlay2, KernelMemoryTCP=true, IPv4Forwarding=true, ExperimentalBuild=false, DockerRootDir=/var/lib/docker, CPUSet=true, CpuCfsPeriod=true, DefaultRuntime=runc, CPUShares=true, Debug=false, NCPU=12, Plugins={Volume=[local], Network=[bridge, host, ipvlan, macvlan, null, overlay], Authorization=null, Log=[awslogs, fluentd, gcplogs, gelf, journald, json-file, local, logentries, splunk, syslog]}, SwapLimit=true, CgroupDriver=cgroupfs, ContainersPaused=0, MemTotal=8008085504, IndexServerAddress=https://index.docker.io/v1/, MemoryLimit=true, HttpProxy=http.docker.internal:3128, InitBinary=docker-init, CgroupVersion=1, PidsLimit=true, Isolation=, BridgeNfIp6tables=true, Warnings=[WARNING: No blkio throttle.read_bps_device support, WARNING: No blkio throttle.write_bps_device support, WARNING: No blkio throttle.read_iops_device support, WARNING: No blkio throttle.write_iops_device support], ContainersStopped=0}
14:06:40.652 [main] DEBUG org.testcontainers.shaded.com.github.dockerjava.core.command.AbstrDockerCmd -- Cmd: 
14:06:40.654 [main] DEBUG com.github.dockerjava.zerodep.shaded.org.apache.hc.client5.http.impl.classic.InternalHttpClient -- ex-00000002: preparing request execution
14:06:40.654 [main] DEBUG com.github.dockerjava.zerodep.shaded.org.apache.hc.client5.http.protocol.RequestAddCookies -- Cookie spec selected: strict
14:06:40.654 [main] DEBUG com.github.dockerjava.zerodep.shaded.org.apache.hc.client5.http.protocol.RequestAuthCache -- Auth cache not set in the context
14:06:40.654 [main] DEBUG com.github.dockerjava.zerodep.shaded.org.apache.hc.client5.http.impl.classic.ProtocolExec -- ex-00000002: target auth state: UNCHALLENGED
14:06:40.654 [main] DEBUG com.github.dockerjava.zerodep.shaded.org.apache.hc.client5.http.impl.classic.ProtocolExec -- ex-00000002: proxy auth state: UNCHALLENGED
14:06:40.655 [main] DEBUG com.github.dockerjava.zerodep.shaded.org.apache.hc.client5.http.impl.classic.ConnectExec -- ex-00000002: acquiring connection with route {}->npipe://localhost:2375
14:06:40.655 [main] DEBUG com.github.dockerjava.zerodep.shaded.org.apache.hc.client5.http.impl.classic.InternalHttpClient -- ex-00000002: acquiring endpoint (3 MINUTES)
14:06:40.655 [main] DEBUG com.github.dockerjava.zerodep.shaded.org.apache.hc.client5.http.impl.io.PoolingHttpClientConnectionManager -- ex-00000002: endpoint lease request (3 MINUTES) [route: {}->npipe://localhost:2375][total available: 1; route allocated: 1 of 2147483647; total allocated: 1 of 2147483647]
14:06:40.655 [main] DEBUG com.github.dockerjava.zerodep.shaded.org.apache.hc.client5.http.impl.io.PoolingHttpClientConnectionManager -- ex-00000002: endpoint leased [route: {}->npipe://localhost:2375][total available: 0; route allocated: 1 of 2147483647; total allocated: 1 of 2147483647]
14:06:40.655 [main] DEBUG com.github.dockerjava.zerodep.shaded.org.apache.hc.client5.http.impl.io.PoolingHttpClientConnectionManager -- ex-00000002: acquired ep-00000001
14:06:40.655 [main] DEBUG com.github.dockerjava.zerodep.shaded.org.apache.hc.client5.http.impl.classic.InternalHttpClient -- ex-00000002: acquired endpoint ep-00000001
14:06:40.655 [main] DEBUG com.github.dockerjava.zerodep.shaded.org.apache.hc.client5.http.impl.classic.MainClientExec -- ex-00000002: executing GET /v1.32/version HTTP/1.1
14:06:40.656 [main] DEBUG com.github.dockerjava.zerodep.shaded.org.apache.hc.client5.http.impl.classic.InternalHttpClient -- ep-00000001: start execution ex-00000002
14:06:40.656 [main] DEBUG com.github.dockerjava.zerodep.shaded.org.apache.hc.client5.http.impl.io.PoolingHttpClientConnectionManager -- ep-00000001: executing exchange ex-00000002 over http-outgoing-0
14:06:40.656 [main] DEBUG com.github.dockerjava.zerodep.shaded.org.apache.hc.client5.http.headers -- http-outgoing-0 >> GET /v1.32/version HTTP/1.1
14:06:40.656 [main] DEBUG com.github.dockerjava.zerodep.shaded.org.apache.hc.client5.http.headers -- http-outgoing-0 >> accept: application/json
14:06:40.656 [main] DEBUG com.github.dockerjava.zerodep.shaded.org.apache.hc.client5.http.headers -- http-outgoing-0 >> x-tc-sid: da367256-b0ba-4546-b6e9-925b7156127f
14:06:40.656 [main] DEBUG com.github.dockerjava.zerodep.shaded.org.apache.hc.client5.http.headers -- http-outgoing-0 >> Accept-Encoding: gzip, x-gzip, deflate
14:06:40.656 [main] DEBUG com.github.dockerjava.zerodep.shaded.org.apache.hc.client5.http.headers -- http-outgoing-0 >> Host: localhost:2375
14:06:40.656 [main] DEBUG com.github.dockerjava.zerodep.shaded.org.apache.hc.client5.http.headers -- http-outgoing-0 >> Connection: keep-alive
14:06:40.656 [main] DEBUG com.github.dockerjava.zerodep.shaded.org.apache.hc.client5.http.headers -- http-outgoing-0 >> User-Agent: Apache-HttpClient/5.0.3 (Java/17)
14:06:40.656 [main] DEBUG com.github.dockerjava.zerodep.shaded.org.apache.hc.client5.http.wire -- http-outgoing-0 >> "GET /v1.32/version HTTP/1.1[\r][\n]"
14:06:40.656 [main] DEBUG com.github.dockerjava.zerodep.shaded.org.apache.hc.client5.http.wire -- http-outgoing-0 >> "accept: application/json[\r][\n]"
14:06:40.656 [main] DEBUG com.github.dockerjava.zerodep.shaded.org.apache.hc.client5.http.wire -- http-outgoing-0 >> "x-tc-sid: da367256-b0ba-4546-b6e9-925b7156127f[\r][\n]"
14:06:40.656 [main] DEBUG com.github.dockerjava.zerodep.shaded.org.apache.hc.client5.http.wire -- http-outgoing-0 >> "Accept-Encoding: gzip, x-gzip, deflate[\r][\n]"
14:06:40.656 [main] DEBUG com.github.dockerjava.zerodep.shaded.org.apache.hc.client5.http.wire -- http-outgoing-0 >> "Host: localhost:2375[\r][\n]"
14:06:40.656 [main] DEBUG com.github.dockerjava.zerodep.shaded.org.apache.hc.client5.http.wire -- http-outgoing-0 >> "Connection: keep-alive[\r][\n]"
14:06:40.657 [main] DEBUG com.github.dockerjava.zerodep.shaded.org.apache.hc.client5.http.wire -- http-outgoing-0 >> "User-Agent: Apache-HttpClient/5.0.3 (Java/17)[\r][\n]"
14:06:40.657 [main] DEBUG com.github.dockerjava.zerodep.shaded.org.apache.hc.client5.http.wire -- http-outgoing-0 >> "[\r][\n]"
14:06:40.665 [main] DEBUG com.github.dockerjava.zerodep.shaded.org.apache.hc.client5.http.wire -- http-outgoing-0 << "HTTP/1.1 200 OK[\r][\n]"
14:06:40.665 [main] DEBUG com.github.dockerjava.zerodep.shaded.org.apache.hc.client5.http.wire -- http-outgoing-0 << "Api-Version: 1.43[\r][\n]"
14:06:40.665 [main] DEBUG com.github.dockerjava.zerodep.shaded.org.apache.hc.client5.http.wire -- http-outgoing-0 << "Content-Type: application/json[\r][\n]"
14:06:40.665 [main] DEBUG com.github.dockerjava.zerodep.shaded.org.apache.hc.client5.http.wire -- http-outgoing-0 << "Date: Wed, 07 Jun 2023 08:36:40 GMT[\r][\n]"
14:06:40.665 [main] DEBUG com.github.dockerjava.zerodep.shaded.org.apache.hc.client5.http.wire -- http-outgoing-0 << "Docker-Experimental: false[\r][\n]"
14:06:40.665 [main] DEBUG com.github.dockerjava.zerodep.shaded.org.apache.hc.client5.http.wire -- http-outgoing-0 << "Ostype: linux[\r][\n]"
14:06:40.665 [main] DEBUG com.github.dockerjava.zerodep.shaded.org.apache.hc.client5.http.wire -- http-outgoing-0 << "Server: Docker/24.0.2 (linux)[\r][\n]"
14:06:40.665 [main] DEBUG com.github.dockerjava.zerodep.shaded.org.apache.hc.client5.http.wire -- http-outgoing-0 << "Transfer-Encoding: chunked[\r][\n]"
14:06:40.665 [main] DEBUG com.github.dockerjava.zerodep.shaded.org.apache.hc.client5.http.wire -- http-outgoing-0 << "[\r][\n]"
14:06:40.665 [main] DEBUG com.github.dockerjava.zerodep.shaded.org.apache.hc.client5.http.headers -- http-outgoing-0 << HTTP/1.1 200 OK
14:06:40.665 [main] DEBUG com.github.dockerjava.zerodep.shaded.org.apache.hc.client5.http.headers -- http-outgoing-0 << Api-Version: 1.43
14:06:40.666 [main] DEBUG com.github.dockerjava.zerodep.shaded.org.apache.hc.client5.http.headers -- http-outgoing-0 << Content-Type: application/json
14:06:40.666 [main] DEBUG com.github.dockerjava.zerodep.shaded.org.apache.hc.client5.http.headers -- http-outgoing-0 << Date: Wed, 07 Jun 2023 08:36:40 GMT
14:06:40.666 [main] DEBUG com.github.dockerjava.zerodep.shaded.org.apache.hc.client5.http.headers -- http-outgoing-0 << Docker-Experimental: false
14:06:40.666 [main] DEBUG com.github.dockerjava.zerodep.shaded.org.apache.hc.client5.http.headers -- http-outgoing-0 << Ostype: linux
14:06:40.666 [main] DEBUG com.github.dockerjava.zerodep.shaded.org.apache.hc.client5.http.headers -- http-outgoing-0 << Server: Docker/24.0.2 (linux)
14:06:40.666 [main] DEBUG com.github.dockerjava.zerodep.shaded.org.apache.hc.client5.http.headers -- http-outgoing-0 << Transfer-Encoding: chunked
14:06:40.666 [main] DEBUG com.github.dockerjava.zerodep.shaded.org.apache.hc.client5.http.impl.classic.MainClientExec -- ex-00000002: connection can be kept alive for 3 MINUTES
14:06:40.666 [main] DEBUG com.github.dockerjava.zerodep.shaded.org.apache.hc.client5.http.wire -- http-outgoing-0 << "35b[\r][\n]"
14:06:40.667 [main] DEBUG com.github.dockerjava.zerodep.shaded.org.apache.hc.client5.http.wire -- http-outgoing-0 << "{"Platform":{"Name":"Docker Desktop 4.20.0 (109717)"},"Components":[{"Name":"Engine","Version":"24.0.2","Details":{"ApiVersion":"1.43","Arch":"amd64","BuildTime":"2023-05-25T21:52:17.000000000+00:00","Experimental":"false","GitCommit":"659604f","GoVersion":"go1.20.4","KernelVersion":"5.15.90.1-microsoft-standard-WSL2","MinAPIVersion":"1.12","Os":"linux"}},{"Name":"containerd","Version":"1.6.21","Details":{"GitCommit":"3dce8eb055cbb6872793272b4f20ed16117344f8"}},{"Name":"runc","Version":"1.1.7","Details":{"GitCommit":"v1.1.7-0-g860f061"}},{"Name":"docker-init","Version":"0.19.0","Details":{"GitCommit":"de40ad0"}}],"Version":"24.0.2","ApiVersion":"1.43","MinAPIVersion":"1.12","GitCommit":"659604f","GoVersion":"go1.20.4","Os":"linux","Arch":"amd64","KernelVersion":"5.15.90.1-microsoft-standard-WSL2","BuildTime":"2023-05-25T21:52:17.000000000+00:00"}[\n]"
14:06:40.667 [main] DEBUG com.github.dockerjava.zerodep.shaded.org.apache.hc.client5.http.wire -- http-outgoing-0 << "[\r][\n]"
14:06:40.667 [main] DEBUG com.github.dockerjava.zerodep.shaded.org.apache.hc.client5.http.wire -- http-outgoing-0 << "0[\r][\n]"
14:06:40.667 [main] DEBUG com.github.dockerjava.zerodep.shaded.org.apache.hc.client5.http.wire -- http-outgoing-0 << "[\r][\n]"
14:06:40.673 [main] DEBUG com.github.dockerjava.zerodep.shaded.org.apache.hc.client5.http.impl.classic.InternalHttpClient -- ep-00000001: releasing valid endpoint
14:06:40.674 [main] DEBUG com.github.dockerjava.zerodep.shaded.org.apache.hc.client5.http.impl.io.PoolingHttpClientConnectionManager -- ep-00000001: releasing endpoint
14:06:40.674 [main] DEBUG com.github.dockerjava.zerodep.shaded.org.apache.hc.client5.http.impl.io.PoolingHttpClientConnectionManager -- ep-00000001: connection http-outgoing-0 can be kept alive for 3 MINUTES
14:06:40.674 [main] DEBUG com.github.dockerjava.zerodep.shaded.org.apache.hc.client5.http.impl.io.PoolingHttpClientConnectionManager -- ep-00000001: connection released [route: {}->npipe://localhost:2375][total available: 1; route allocated: 1 of 2147483647; total allocated: 1 of 2147483647]
14:06:40.674 [main] DEBUG org.testcontainers.DockerClientFactory -- Docker version: {Components=[{Name=Engine, Version=24.0.2, Details={ApiVersion=1.43, Arch=amd64, BuildTime=2023-05-25T21:52:17.000000000+00:00, Experimental=false, GitCommit=659604f, GoVersion=go1.20.4, KernelVersion=5.15.90.1-microsoft-standard-WSL2, MinAPIVersion=1.12, Os=linux}}, {Name=containerd, Version=1.6.21, Details={GitCommit=3dce8eb055cbb6872793272b4f20ed16117344f8}}, {Name=runc, Version=1.1.7, Details={GitCommit=v1.1.7-0-g860f061}}, {Name=docker-init, Version=0.19.0, Details={GitCommit=de40ad0}}], KernelVersion=5.15.90.1-microsoft-standard-WSL2, ApiVersion=1.43, Platform={Name=Docker Desktop 4.20.0 (109717)}, GitCommit=659604f, Os=linux, Version=24.0.2, MinAPIVersion=1.12, Arch=amd64, GoVersion=go1.20.4, BuildTime=2023-05-25T21:52:17.000000000+00:00}
14:06:40.674 [main] INFO org.testcontainers.DockerClientFactory -- Connected to docker: 
  Server Version: 24.0.2
  API Version: 1.43
  Operating System: Docker Desktop
  Total Memory: 7637 MB
14:06:40.682 [main] DEBUG org.testcontainers.utility.RyukResourceReaper -- Ryuk is enabled
14:06:40.687 [main] DEBUG org.testcontainers.utility.PrefixingImageNameSubstitutor -- No prefix is configured
14:06:40.687 [main] DEBUG org.testcontainers.utility.ImageNameSubstitutor -- Did not find a substitute image for testcontainers/ryuk:0.5.1 (using image substitutor: DefaultImageNameSubstitutor (composite of 'ConfigurationFileImageNameSubstitutor' and 'PrefixingImageNameSubstitutor'))
14:06:40.689 [main] DEBUG org.testcontainers.shaded.com.github.dockerjava.core.command.AbstrDockerCmd -- Cmd: ListImagesCmdImpl[filters=org.testcontainers.shaded.com.github.dockerjava.core.util.FiltersBuilder@0,imageNameFilter=<null>,showAll=false]
14:06:40.691 [main] DEBUG com.github.dockerjava.zerodep.shaded.org.apache.hc.client5.http.impl.classic.InternalHttpClient -- ex-00000003: preparing request execution
14:06:40.691 [main] DEBUG com.github.dockerjava.zerodep.shaded.org.apache.hc.client5.http.protocol.RequestAddCookies -- Cookie spec selected: strict
14:06:40.691 [main] DEBUG com.github.dockerjava.zerodep.shaded.org.apache.hc.client5.http.protocol.RequestAuthCache -- Auth cache not set in the context
14:06:40.691 [main] DEBUG com.github.dockerjava.zerodep.shaded.org.apache.hc.client5.http.impl.classic.ProtocolExec -- ex-00000003: target auth state: UNCHALLENGED
14:06:40.691 [main] DEBUG com.github.dockerjava.zerodep.shaded.org.apache.hc.client5.http.impl.classic.ProtocolExec -- ex-00000003: proxy auth state: UNCHALLENGED
14:06:40.691 [main] DEBUG com.github.dockerjava.zerodep.shaded.org.apache.hc.client5.http.impl.classic.ConnectExec -- ex-00000003: acquiring connection with route {}->npipe://localhost:2375
14:06:40.691 [main] DEBUG com.github.dockerjava.zerodep.shaded.org.apache.hc.client5.http.impl.classic.InternalHttpClient -- ex-00000003: acquiring endpoint (3 MINUTES)
14:06:40.691 [main] DEBUG com.github.dockerjava.zerodep.shaded.org.apache.hc.client5.http.impl.io.PoolingHttpClientConnectionManager -- ex-00000003: endpoint lease request (3 MINUTES) [route: {}->npipe://localhost:2375][total available: 1; route allocated: 1 of 2147483647; total allocated: 1 of 2147483647]
14:06:40.691 [main] DEBUG com.github.dockerjava.zerodep.shaded.org.apache.hc.client5.http.impl.io.PoolingHttpClientConnectionManager -- ex-00000003: endpoint leased [route: {}->npipe://localhost:2375][total available: 0; route allocated: 1 of 2147483647; total allocated: 1 of 2147483647]
14:06:40.691 [main] DEBUG com.github.dockerjava.zerodep.shaded.org.apache.hc.client5.http.impl.io.PoolingHttpClientConnectionManager -- ex-00000003: acquired ep-00000002
14:06:40.691 [main] DEBUG com.github.dockerjava.zerodep.shaded.org.apache.hc.client5.http.impl.classic.InternalHttpClient -- ex-00000003: acquired endpoint ep-00000002
14:06:40.692 [main] DEBUG com.github.dockerjava.zerodep.shaded.org.apache.hc.client5.http.impl.classic.MainClientExec -- ex-00000003: executing GET /v1.32/images/json HTTP/1.1
14:06:40.692 [main] DEBUG com.github.dockerjava.zerodep.shaded.org.apache.hc.client5.http.impl.classic.InternalHttpClient -- ep-00000002: start execution ex-00000003
14:06:40.692 [main] DEBUG com.github.dockerjava.zerodep.shaded.org.apache.hc.client5.http.impl.io.PoolingHttpClientConnectionManager -- ep-00000002: executing exchange ex-00000003 over http-outgoing-0
14:06:40.692 [main] DEBUG com.github.dockerjava.zerodep.shaded.org.apache.hc.client5.http.headers -- http-outgoing-0 >> GET /v1.32/images/json HTTP/1.1
14:06:40.692 [main] DEBUG com.github.dockerjava.zerodep.shaded.org.apache.hc.client5.http.headers -- http-outgoing-0 >> accept: application/json
14:06:40.692 [main] DEBUG com.github.dockerjava.zerodep.shaded.org.apache.hc.client5.http.headers -- http-outgoing-0 >> x-tc-sid: da367256-b0ba-4546-b6e9-925b7156127f
14:06:40.692 [main] DEBUG com.github.dockerjava.zerodep.shaded.org.apache.hc.client5.http.headers -- http-outgoing-0 >> Accept-Encoding: gzip, x-gzip, deflate
14:06:40.692 [main] DEBUG com.github.dockerjava.zerodep.shaded.org.apache.hc.client5.http.headers -- http-outgoing-0 >> Host: localhost:2375
14:06:40.692 [main] DEBUG com.github.dockerjava.zerodep.shaded.org.apache.hc.client5.http.headers -- http-outgoing-0 >> Connection: keep-alive
14:06:40.692 [main] DEBUG com.github.dockerjava.zerodep.shaded.org.apache.hc.client5.http.headers -- http-outgoing-0 >> User-Agent: Apache-HttpClient/5.0.3 (Java/17)
14:06:40.692 [main] DEBUG com.github.dockerjava.zerodep.shaded.org.apache.hc.client5.http.wire -- http-outgoing-0 >> "GET /v1.32/images/json HTTP/1.1[\r][\n]"
14:06:40.692 [main] DEBUG com.github.dockerjava.zerodep.shaded.org.apache.hc.client5.http.wire -- http-outgoing-0 >> "accept: application/json[\r][\n]"
14:06:40.692 [main] DEBUG com.github.dockerjava.zerodep.shaded.org.apache.hc.client5.http.wire -- http-outgoing-0 >> "x-tc-sid: da367256-b0ba-4546-b6e9-925b7156127f[\r][\n]"
14:06:40.692 [main] DEBUG com.github.dockerjava.zerodep.shaded.org.apache.hc.client5.http.wire -- http-outgoing-0 >> "Accept-Encoding: gzip, x-gzip, deflate[\r][\n]"
14:06:40.692 [main] DEBUG com.github.dockerjava.zerodep.shaded.org.apache.hc.client5.http.wire -- http-outgoing-0 >> "Host: localhost:2375[\r][\n]"
14:06:40.692 [main] DEBUG com.github.dockerjava.zerodep.shaded.org.apache.hc.client5.http.wire -- http-outgoing-0 >> "Connection: keep-alive[\r][\n]"
14:06:40.692 [main] DEBUG com.github.dockerjava.zerodep.shaded.org.apache.hc.client5.http.wire -- http-outgoing-0 >> "User-Agent: Apache-HttpClient/5.0.3 (Java/17)[\r][\n]"
14:06:40.692 [main] DEBUG com.github.dockerjava.zerodep.shaded.org.apache.hc.client5.http.wire -- http-outgoing-0 >> "[\r][\n]"
14:06:40.696 [main] DEBUG com.github.dockerjava.zerodep.shaded.org.apache.hc.client5.http.wire -- http-outgoing-0 << "HTTP/1.1 200 OK[\r][\n]"
14:06:40.696 [main] DEBUG com.github.dockerjava.zerodep.shaded.org.apache.hc.client5.http.wire -- http-outgoing-0 << "Api-Version: 1.43[\r][\n]"
14:06:40.696 [main] DEBUG com.github.dockerjava.zerodep.shaded.org.apache.hc.client5.http.wire -- http-outgoing-0 << "Content-Type: application/json[\r][\n]"
14:06:40.696 [main] DEBUG com.github.dockerjava.zerodep.shaded.org.apache.hc.client5.http.wire -- http-outgoing-0 << "Date: Wed, 07 Jun 2023 08:36:40 GMT[\r][\n]"
14:06:40.696 [main] DEBUG com.github.dockerjava.zerodep.shaded.org.apache.hc.client5.http.wire -- http-outgoing-0 << "Docker-Experimental: false[\r][\n]"
14:06:40.696 [main] DEBUG com.github.dockerjava.zerodep.shaded.org.apache.hc.client5.http.wire -- http-outgoing-0 << "Ostype: linux[\r][\n]"
14:06:40.696 [main] DEBUG com.github.dockerjava.zerodep.shaded.org.apache.hc.client5.http.wire -- http-outgoing-0 << "Server: Docker/24.0.2 (linux)[\r][\n]"
14:06:40.696 [main] DEBUG com.github.dockerjava.zerodep.shaded.org.apache.hc.client5.http.wire -- http-outgoing-0 << "Transfer-Encoding: chunked[\r][\n]"
14:06:40.696 [main] DEBUG com.github.dockerjava.zerodep.shaded.org.apache.hc.client5.http.wire -- http-outgoing-0 << "[\r][\n]"
14:06:40.696 [main] DEBUG com.github.dockerjava.zerodep.shaded.org.apache.hc.client5.http.headers -- http-outgoing-0 << HTTP/1.1 200 OK
14:06:40.696 [main] DEBUG com.github.dockerjava.zerodep.shaded.org.apache.hc.client5.http.headers -- http-outgoing-0 << Api-Version: 1.43
14:06:40.696 [main] DEBUG com.github.dockerjava.zerodep.shaded.org.apache.hc.client5.http.headers -- http-outgoing-0 << Content-Type: application/json
14:06:40.696 [main] DEBUG com.github.dockerjava.zerodep.shaded.org.apache.hc.client5.http.headers -- http-outgoing-0 << Date: Wed, 07 Jun 2023 08:36:40 GMT
14:06:40.696 [main] DEBUG com.github.dockerjava.zerodep.shaded.org.apache.hc.client5.http.headers -- http-outgoing-0 << Docker-Experimental: false
14:06:40.696 [main] DEBUG com.github.dockerjava.zerodep.shaded.org.apache.hc.client5.http.headers -- http-outgoing-0 << Ostype: linux
14:06:40.696 [main] DEBUG com.github.dockerjava.zerodep.shaded.org.apache.hc.client5.http.headers -- http-outgoing-0 << Server: Docker/24.0.2 (linux)
14:06:40.696 [main] DEBUG com.github.dockerjava.zerodep.shaded.org.apache.hc.client5.http.headers -- http-outgoing-0 << Transfer-Encoding: chunked
14:06:40.696 [main] DEBUG com.github.dockerjava.zerodep.shaded.org.apache.hc.client5.http.impl.classic.MainClientExec -- ex-00000003: connection can be kept alive for 3 MINUTES
14:06:40.697 [main] DEBUG com.github.dockerjava.zerodep.shaded.org.apache.hc.client5.http.wire -- http-outgoing-0 << "2c6[\r][\n]"
14:06:40.697 [main] DEBUG com.github.dockerjava.zerodep.shaded.org.apache.hc.client5.http.wire -- http-outgoing-0 << "[{"Containers":-1,"Created":1684336262,"Id":"sha256:ec913eeff75a6b5ed284cf17e186213a466ec10a8f471798318ffa0813b5d828","Labels":{"org.testcontainers.ryuk":"true"},"ParentId":"","RepoDigests":["testcontainers/ryuk@sha256:533abc56c07b52a26c955d1e7ae428d810582ab01c156384ae79960eb5fa0775"],"RepoTags":["testcontainers/ryuk:0.5.1"],"SharedSize":-1,"Size":12695732,"VirtualSize":12695732},{"Containers":-1,"Created":1607651905,"Id":"sha256:3068f6bb852ef596c20ca7ccbcd34df94f02d6035a2d83aea1e20e1781ba19b8","Labels":null,"ParentId":"","RepoDigests":["mongo@sha256:02e9941ddcb949424fa4eb01f9d235da91a5b7b64feb5887eab77e1ef84a3bad"],"RepoTags":["mongo:4.4.2"],"SharedSize":-1,"Size":492848967,"VirtualSize":492848967}][\n]"
14:06:40.697 [main] DEBUG com.github.dockerjava.zerodep.shaded.org.apache.hc.client5.http.wire -- http-outgoing-0 << "[\r][\n]"
14:06:40.697 [main] DEBUG com.github.dockerjava.zerodep.shaded.org.apache.hc.client5.http.wire -- http-outgoing-0 << "0[\r][\n]"
14:06:40.697 [main] DEBUG com.github.dockerjava.zerodep.shaded.org.apache.hc.client5.http.wire -- http-outgoing-0 << "[\r][\n]"
14:06:40.699 [main] DEBUG com.github.dockerjava.zerodep.shaded.org.apache.hc.client5.http.impl.classic.InternalHttpClient -- ep-00000002: releasing valid endpoint
14:06:40.699 [main] DEBUG com.github.dockerjava.zerodep.shaded.org.apache.hc.client5.http.impl.io.PoolingHttpClientConnectionManager -- ep-00000002: releasing endpoint
14:06:40.699 [main] DEBUG com.github.dockerjava.zerodep.shaded.org.apache.hc.client5.http.impl.io.PoolingHttpClientConnectionManager -- ep-00000002: connection http-outgoing-0 can be kept alive for 3 MINUTES
14:06:40.699 [main] DEBUG com.github.dockerjava.zerodep.shaded.org.apache.hc.client5.http.impl.io.PoolingHttpClientConnectionManager -- ep-00000002: connection released [route: {}->npipe://localhost:2375][total available: 1; route allocated: 1 of 2147483647; total allocated: 1 of 2147483647]
14:06:40.702 [main] DEBUG org.testcontainers.images.AbstractImagePullPolicy -- Using locally available and not pulling image: testcontainers/ryuk:0.5.1
14:06:40.702 [main] DEBUG tc.testcontainers/ryuk:0.5.1 -- Starting container: testcontainers/ryuk:0.5.1
14:06:40.703 [main] DEBUG tc.testcontainers/ryuk:0.5.1 -- Trying to start container: testcontainers/ryuk:0.5.1 (attempt 1/1)
14:06:40.703 [main] DEBUG tc.testcontainers/ryuk:0.5.1 -- Starting container: testcontainers/ryuk:0.5.1
14:06:40.703 [main] INFO tc.testcontainers/ryuk:0.5.1 -- Creating container for image: testcontainers/ryuk:0.5.1
14:06:40.707 [main] DEBUG org.testcontainers.utility.RegistryAuthLocator -- Looking up auth config for image: testcontainers/ryuk:0.5.1 at registry: https://index.docker.io/v1/
14:06:40.708 [main] DEBUG org.testcontainers.utility.RegistryAuthLocator -- RegistryAuthLocator has configFile: C:\Users\abhinav kumar\.docker\config.json (exists) configEnv: DOCKER_AUTH_CONFIG (does not exist) and commandPathPrefix: 
14:06:40.708 [main] DEBUG org.testcontainers.utility.RegistryAuthLocator -- RegistryAuthLocator reading from configFile: C:\Users\abhinav kumar\.docker\config.json
14:06:40.708 [main] DEBUG org.testcontainers.utility.RegistryAuthLocator -- registryName [https://index.docker.io/v1/] for dockerImageName [testcontainers/ryuk:0.5.1]
14:06:40.708 [main] DEBUG org.testcontainers.utility.RegistryAuthLocator -- Executing docker credential provider: docker-credential-desktop to locate auth config for: https://index.docker.io/v1/
14:06:40.714 [main] DEBUG org.testcontainers.shaded.org.zeroturnaround.exec.ProcessExecutor -- Executing [cmd, /c, docker-credential-desktop, get].
14:06:40.721 [main] DEBUG org.testcontainers.shaded.org.zeroturnaround.exec.ProcessExecutor -- Started Process[pid=15168, exitValue="not exited"]
14:06:40.810 [WaitForProcess-Process[pid=15168, exitValue="not exited"]] DEBUG org.testcontainers.shaded.org.zeroturnaround.exec.WaitForProcess -- Process[pid=15168, exitValue=0] stopped with exit code 0
14:06:40.813 [main] DEBUG org.testcontainers.utility.RegistryAuthLocator -- Credential helper/store provided auth config for: https://index.docker.io/v1/
14:06:40.815 [main] DEBUG org.testcontainers.utility.RegistryAuthLocator -- found creds store auth config [AuthConfig{username=abhinavk19, password=hidden non-blank value, auth=blank, email=null, registryAddress=https://index.docker.io/v1/, registryToken=blank}]
14:06:40.815 [main] DEBUG org.testcontainers.utility.RegistryAuthLocator -- Cached auth found: [AuthConfig{username=abhinavk19, password=hidden non-blank value, auth=blank, email=null, registryAddress=https://index.docker.io/v1/, registryToken=blank}]
14:06:40.815 [main] DEBUG org.testcontainers.dockerclient.AuthDelegatingDockerClientConfig -- Effective auth config [AuthConfig{username=abhinavk19, password=hidden non-blank value, auth=blank, email=null, registryAddress=https://index.docker.io/v1/, registryToken=blank}]
14:06:40.826 [main] DEBUG org.testcontainers.shaded.com.github.dockerjava.core.command.AbstrDockerCmd -- Cmd: org.testcontainers.shaded.com.github.dockerjava.core.command.CreateContainerCmdImpl@486bc9a4[aliases=<null>,argsEscaped=<null>,attachStderr=<null>,attachStdin=<null>,attachStdout=<null>,authConfig=AuthConfig(username=abhinavk19, email=null, registryAddress=https://index.docker.io/v1/, stackOrchestrator=null),cmd={},domainName=<null>,entrypoint=<null>,env={},exposedPorts=ExposedPorts(exposedPorts=[8080/tcp]),healthcheck=<null>,hostConfig=HostConfig(binds=[//var/run/docker.sock:/var/run/docker.sock:rw], blkioWeight=null, blkioWeightDevice=null, blkioDeviceReadBps=null, blkioDeviceWriteBps=null, blkioDeviceReadIOps=null, blkioDeviceWriteIOps=null, memorySwappiness=null, nanoCPUs=null, capAdd=null, capDrop=null, containerIDFile=null, cpuPeriod=null, cpuRealtimePeriod=null, cpuRealtimeRuntime=null, cpuShares=null, cpuQuota=null, cpusetCpus=null, cpusetMems=null, devices=null, deviceCgroupRules=null, deviceRequests=null, diskQuota=null, dns=null, dnsOptions=null, dnsSearch=null, extraHosts=[], groupAdd=null, ipcMode=null, cgroup=null, links=[], logConfig=LogConfig(type=null, config=null), lxcConf=null, memory=null, memorySwap=null, memoryReservation=null, kernelMemory=null, networkMode=null, oomKillDisable=null, init=null, autoRemove=true, oomScoreAdj=null, portBindings={8080/tcp=[Lcom.github.dockerjava.api.model.Ports$Binding;@236134a1}, privileged=false, publishAllPorts=null, readonlyRootfs=null, restartPolicy=null, ulimits=null, cpuCount=null, cpuPercent=null, ioMaximumIOps=null, ioMaximumBandwidth=null, volumesFrom=[], mounts=null, pidMode=null, isolation=null, securityOpts=null, storageOpt=null, cgroupParent=null, volumeDriver=null, shmSize=null, pidsLimit=null, runtime=null, tmpFs=null, utSMode=null, usernsMode=null, sysctls=null, consoleSize=null, cgroupnsMode=null),hostName=<null>,image=testcontainers/ryuk:0.5.1,ipv4Address=<null>,ipv6Address=<null>,labels={org.testcontainers=true, org.testcontainers.lang=java, org.testcontainers.version=1.18.2},macAddress=<null>,name=testcontainers-ryuk-da367256-b0ba-4546-b6e9-925b7156127f,networkDisabled=<null>,networkingConfig=<null>,onBuild=<null>,platform=<null>,portSpecs=<null>,shell=<null>,stdInOnce=<null>,stdinOpen=<null>,stopSignal=<null>,stopTimeout=<null>,tty=<null>,user=<null>,volumes=Volumes(volumes=[]),workingDir=<null>]
14:06:40.911 [main] DEBUG com.github.dockerjava.zerodep.shaded.org.apache.hc.client5.http.impl.classic.InternalHttpClient -- ex-00000004: preparing request execution
14:06:40.912 [main] DEBUG com.github.dockerjava.zerodep.shaded.org.apache.hc.client5.http.protocol.RequestAddCookies -- Cookie spec selected: strict
14:06:40.912 [main] DEBUG com.github.dockerjava.zerodep.shaded.org.apache.hc.client5.http.protocol.RequestAuthCache -- Auth cache not set in the context
14:06:40.912 [main] DEBUG com.github.dockerjava.zerodep.shaded.org.apache.hc.client5.http.impl.classic.ProtocolExec -- ex-00000004: target auth state: UNCHALLENGED
14:06:40.912 [main] DEBUG com.github.dockerjava.zerodep.shaded.org.apache.hc.client5.http.impl.classic.ProtocolExec -- ex-00000004: proxy auth state: UNCHALLENGED
14:06:40.912 [main] DEBUG com.github.dockerjava.zerodep.shaded.org.apache.hc.client5.http.impl.classic.ConnectExec -- ex-00000004: acquiring connection with route {}->npipe://localhost:2375
14:06:40.912 [main] DEBUG com.github.dockerjava.zerodep.shaded.org.apache.hc.client5.http.impl.classic.InternalHttpClient -- ex-00000004: acquiring endpoint (3 MINUTES)
14:06:40.912 [main] DEBUG com.github.dockerjava.zerodep.shaded.org.apache.hc.client5.http.impl.io.PoolingHttpClientConnectionManager -- ex-00000004: endpoint lease request (3 MINUTES) [route: {}->npipe://localhost:2375][total available: 1; route allocated: 1 of 2147483647; total allocated: 1 of 2147483647]
14:06:40.912 [main] DEBUG com.github.dockerjava.zerodep.shaded.org.apache.hc.client5.http.impl.io.PoolingHttpClientConnectionManager -- ex-00000004: endpoint leased [route: {}->npipe://localhost:2375][total available: 0; route allocated: 1 of 2147483647; total allocated: 1 of 2147483647]
14:06:40.913 [main] DEBUG com.github.dockerjava.zerodep.shaded.org.apache.hc.client5.http.impl.io.PoolingHttpClientConnectionManager -- ex-00000004: acquired ep-00000003
14:06:40.913 [main] DEBUG com.github.dockerjava.zerodep.shaded.org.apache.hc.client5.http.impl.classic.InternalHttpClient -- ex-00000004: acquired endpoint ep-00000003
14:06:40.913 [main] DEBUG com.github.dockerjava.zerodep.shaded.org.apache.hc.client5.http.impl.classic.MainClientExec -- ex-00000004: executing POST /v1.32/containers/create?name=testcontainers-ryuk-da367256-b0ba-4546-b6e9-925b7156127f HTTP/1.1
14:06:40.913 [main] DEBUG com.github.dockerjava.zerodep.shaded.org.apache.hc.client5.http.impl.classic.InternalHttpClient -- ep-00000003: start execution ex-00000004
14:06:40.913 [main] DEBUG com.github.dockerjava.zerodep.shaded.org.apache.hc.client5.http.impl.io.PoolingHttpClientConnectionManager -- ep-00000003: executing exchange ex-00000004 over http-outgoing-0
14:06:40.913 [main] DEBUG com.github.dockerjava.zerodep.shaded.org.apache.hc.client5.http.headers -- http-outgoing-0 >> POST /v1.32/containers/create?name=testcontainers-ryuk-da367256-b0ba-4546-b6e9-925b7156127f HTTP/1.1
14:06:40.913 [main] DEBUG com.github.dockerjava.zerodep.shaded.org.apache.hc.client5.http.headers -- http-outgoing-0 >> X-Registry-Auth: eyJ1c2VybmFtZSI6ImFiaGluYXZrMTkiLCJwYXNzd29yZCI6ImRja3JfcGF0X29RRkxhbmxFQ19Wa0NjR1VtNGRlRTNuME1xYyIsImVtYWlsIjpudWxsLCJzZXJ2ZXJhZGRyZXNzIjoiaHR0cHM6Ly9pbmRleC5kb2NrZXIuaW8vdjEvIiwiYXV0aCI6bnVsbCwicmVnaXN0cnl0b2tlbiI6bnVsbCwiaWRlbnRpdHl0b2tlbiI6bnVsbCwic3RhY2tPcmNoZXN0cmF0b3IiOm51bGx9
14:06:40.913 [main] DEBUG com.github.dockerjava.zerodep.shaded.org.apache.hc.client5.http.headers -- http-outgoing-0 >> accept: application/json
14:06:40.913 [main] DEBUG com.github.dockerjava.zerodep.shaded.org.apache.hc.client5.http.headers -- http-outgoing-0 >> content-type: application/json
14:06:40.913 [main] DEBUG com.github.dockerjava.zerodep.shaded.org.apache.hc.client5.http.headers -- http-outgoing-0 >> x-tc-sid: da367256-b0ba-4546-b6e9-925b7156127f
14:06:40.913 [main] DEBUG com.github.dockerjava.zerodep.shaded.org.apache.hc.client5.http.headers -- http-outgoing-0 >> Accept-Encoding: gzip, x-gzip, deflate
14:06:40.913 [main] DEBUG com.github.dockerjava.zerodep.shaded.org.apache.hc.client5.http.headers -- http-outgoing-0 >> Content-Length: 1956
14:06:40.913 [main] DEBUG com.github.dockerjava.zerodep.shaded.org.apache.hc.client5.http.headers -- http-outgoing-0 >> Host: localhost:2375
14:06:40.913 [main] DEBUG com.github.dockerjava.zerodep.shaded.org.apache.hc.client5.http.headers -- http-outgoing-0 >> Connection: keep-alive
14:06:40.913 [main] DEBUG com.github.dockerjava.zerodep.shaded.org.apache.hc.client5.http.headers -- http-outgoing-0 >> User-Agent: Apache-HttpClient/5.0.3 (Java/17)
14:06:40.913 [main] DEBUG com.github.dockerjava.zerodep.shaded.org.apache.hc.client5.http.wire -- http-outgoing-0 >> "POST /v1.32/containers/create?name=testcontainers-ryuk-da367256-b0ba-4546-b6e9-925b7156127f HTTP/1.1[\r][\n]"
14:06:40.914 [main] DEBUG com.github.dockerjava.zerodep.shaded.org.apache.hc.client5.http.wire -- http-outgoing-0 >> "X-Registry-Auth: eyJ1c2VybmFtZSI6ImFiaGluYXZrMTkiLCJwYXNzd29yZCI6ImRja3JfcGF0X29RRkxhbmxFQ19Wa0NjR1VtNGRlRTNuME1xYyIsImVtYWlsIjpudWxsLCJzZXJ2ZXJhZGRyZXNzIjoiaHR0cHM6Ly9pbmRleC5kb2NrZXIuaW8vdjEvIiwiYXV0aCI6bnVsbCwicmVnaXN0cnl0b2tlbiI6bnVsbCwiaWRlbnRpdHl0b2tlbiI6bnVsbCwic3RhY2tPcmNoZXN0cmF0b3IiOm51bGx9[\r][\n]"
14:06:40.914 [main] DEBUG com.github.dockerjava.zerodep.shaded.org.apache.hc.client5.http.wire -- http-outgoing-0 >> "accept: application/json[\r][\n]"
14:06:40.914 [main] DEBUG com.github.dockerjava.zerodep.shaded.org.apache.hc.client5.http.wire -- http-outgoing-0 >> "content-type: application/json[\r][\n]"
14:06:40.914 [main] DEBUG com.github.dockerjava.zerodep.shaded.org.apache.hc.client5.http.wire -- http-outgoing-0 >> "x-tc-sid: da367256-b0ba-4546-b6e9-925b7156127f[\r][\n]"
14:06:40.914 [main] DEBUG com.github.dockerjava.zerodep.shaded.org.apache.hc.client5.http.wire -- http-outgoing-0 >> "Accept-Encoding: gzip, x-gzip, deflate[\r][\n]"
14:06:40.914 [main] DEBUG com.github.dockerjava.zerodep.shaded.org.apache.hc.client5.http.wire -- http-outgoing-0 >> "Content-Length: 1956[\r][\n]"
14:06:40.914 [main] DEBUG com.github.dockerjava.zerodep.shaded.org.apache.hc.client5.http.wire -- http-outgoing-0 >> "Host: localhost:2375[\r][\n]"
14:06:40.914 [main] DEBUG com.github.dockerjava.zerodep.shaded.org.apache.hc.client5.http.wire -- http-outgoing-0 >> "Connection: keep-alive[\r][\n]"
14:06:40.914 [main] DEBUG com.github.dockerjava.zerodep.shaded.org.apache.hc.client5.http.wire -- http-outgoing-0 >> "User-Agent: Apache-HttpClient/5.0.3 (Java/17)[\r][\n]"
14:06:40.914 [main] DEBUG com.github.dockerjava.zerodep.shaded.org.apache.hc.client5.http.wire -- http-outgoing-0 >> "[\r][\n]"
14:06:40.914 [main] DEBUG com.github.dockerjava.zerodep.shaded.org.apache.hc.client5.http.wire -- http-outgoing-0 >> "{"Hostname":null,"Domainname":null,"User":null,"AttachStdin":null,"AttachStdout":null,"AttachStderr":null,"PortSpecs":null,"Tty":null,"OpenStdin":null,"StdinOnce":null,"Env":[],"Cmd":[],"Healthcheck":null,"ArgsEscaped":null,"Entrypoint":null,"Image":"testcontainers/ryuk:0.5.1","Volumes":{},"WorkingDir":null,"MacAddress":null,"OnBuild":null,"NetworkDisabled":null,"ExposedPorts":{"8080/tcp":{}},"StopSignal":null,"StopTimeout":null,"HostConfig":{"Binds":["//var/run/docker.sock:/var/run/docker.sock:rw"],"BlkioWeight":null,"BlkioWeightDevice":null,"BlkioDeviceReadBps":null,"BlkioDeviceWriteBps":null,"BlkioDeviceReadIOps":null,"BlkioDeviceWriteIOps":null,"MemorySwappiness":null,"NanoCpus":null,"CapAdd":null,"CapDrop":null,"ContainerIDFile":null,"CpuPeriod":null,"CpuRealtimePeriod":null,"CpuRealtimeRuntime":null,"CpuShares":null,"CpuQuota":null,"CpusetCpus":null,"CpusetMems":null,"Devices":null,"DeviceCgroupRules":null,"DeviceRequests":null,"DiskQuota":null,"Dns":null,"DnsOptions":null,"DnsSearch":null,"ExtraHosts":[],"GroupAdd":null,"IpcMode":null,"Cgroup":null,"Links":[],"LogConfig":null,"LxcConf":null,"Memory":null,"MemorySwap":null,"MemoryReservation":null,"KernelMemory":null,"NetworkMode":null,"OomKillDisable":null,"Init":null,"AutoRemove":true,"OomScoreAdj":null,"PortBindings":{"8080/tcp":[{"HostIp":"","HostPort":""}]},"Privileged":false,"PublishAllPorts":null,"ReadonlyRootfs":null,"RestartPolicy":null,"Ulimits":null,"CpuCount":null,"CpuPercent":null,"IOMaximumIOps":null,"IOMaximumBandwidth":null,"VolumesFrom":[],"Mounts":null,"PidMode":null,"Isolation":null,"SecurityOpt":null,"StorageOpt":null,"CgroupParent":null,"VolumeDriver":null,"ShmSize":null,"PidsLimit":null,"Runtime":null,"Tmpfs":null,"UTSMode":null,"UsernsMode":null,"Sysctls":null,"ConsoleSize":null,"CgroupnsMode":null},"Labels":{"org.testcontainers":"true","org.testcontainers.lang":"java","org.testcontainers.version":"1.18.2"},"Shell":null,"NetworkingConfig":null}"
14:06:40.936 [main] DEBUG com.github.dockerjava.zerodep.shaded.org.apache.hc.client5.http.wire -- http-outgoing-0 << "HTTP/1.1 201 Created[\r][\n]"
14:06:40.936 [main] DEBUG com.github.dockerjava.zerodep.shaded.org.apache.hc.client5.http.wire -- http-outgoing-0 << "Api-Version: 1.43[\r][\n]"
14:06:40.936 [main] DEBUG com.github.dockerjava.zerodep.shaded.org.apache.hc.client5.http.wire -- http-outgoing-0 << "Content-Type: application/json[\r][\n]"
14:06:40.936 [main] DEBUG com.github.dockerjava.zerodep.shaded.org.apache.hc.client5.http.wire -- http-outgoing-0 << "Date: Wed, 07 Jun 2023 08:36:40 GMT[\r][\n]"
14:06:40.936 [main] DEBUG com.github.dockerjava.zerodep.shaded.org.apache.hc.client5.http.wire -- http-outgoing-0 << "Docker-Experimental: false[\r][\n]"
14:06:40.936 [main] DEBUG com.github.dockerjava.zerodep.shaded.org.apache.hc.client5.http.wire -- http-outgoing-0 << "Ostype: linux[\r][\n]"
14:06:40.936 [main] DEBUG com.github.dockerjava.zerodep.shaded.org.apache.hc.client5.http.wire -- http-outgoing-0 << "Server: Docker/24.0.2 (linux)[\r][\n]"
14:06:40.936 [main] DEBUG com.github.dockerjava.zerodep.shaded.org.apache.hc.client5.http.wire -- http-outgoing-0 << "Transfer-Encoding: chunked[\r][\n]"
14:06:40.936 [main] DEBUG com.github.dockerjava.zerodep.shaded.org.apache.hc.client5.http.wire -- http-outgoing-0 << "[\r][\n]"
14:06:40.936 [main] DEBUG com.github.dockerjava.zerodep.shaded.org.apache.hc.client5.http.headers -- http-outgoing-0 << HTTP/1.1 201 Created
14:06:40.936 [main] DEBUG com.github.dockerjava.zerodep.shaded.org.apache.hc.client5.http.headers -- http-outgoing-0 << Api-Version: 1.43
14:06:40.936 [main] DEBUG com.github.dockerjava.zerodep.shaded.org.apache.hc.client5.http.headers -- http-outgoing-0 << Content-Type: application/json
14:06:40.936 [main] DEBUG com.github.dockerjava.zerodep.shaded.org.apache.hc.client5.http.headers -- http-outgoing-0 << Date: Wed, 07 Jun 2023 08:36:40 GMT
14:06:40.936 [main] DEBUG com.github.dockerjava.zerodep.shaded.org.apache.hc.client5.http.headers -- http-outgoing-0 << Docker-Experimental: false
14:06:40.936 [main] DEBUG com.github.dockerjava.zerodep.shaded.org.apache.hc.client5.http.headers -- http-outgoing-0 << Ostype: linux
14:06:40.936 [main] DEBUG com.github.dockerjava.zerodep.shaded.org.apache.hc.client5.http.headers -- http-outgoing-0 << Server: Docker/24.0.2 (linux)
14:06:40.936 [main] DEBUG com.github.dockerjava.zerodep.shaded.org.apache.hc.client5.http.headers -- http-outgoing-0 << Transfer-Encoding: chunked
14:06:40.937 [main] DEBUG com.github.dockerjava.zerodep.shaded.org.apache.hc.client5.http.impl.classic.MainClientExec -- ex-00000004: connection can be kept alive for 3 MINUTES
14:06:40.937 [main] DEBUG com.github.dockerjava.zerodep.shaded.org.apache.hc.client5.http.wire -- http-outgoing-0 << "58[\r][\n]"
14:06:40.937 [main] DEBUG com.github.dockerjava.zerodep.shaded.org.apache.hc.client5.http.wire -- http-outgoing-0 << "{"Id":"9ec1f9913c649921d7a439492a953aa52a5c073e7e85f9e91d41d7951bc1cf3a","Warnings":[]}[\n]"
14:06:40.937 [main] DEBUG com.github.dockerjava.zerodep.shaded.org.apache.hc.client5.http.wire -- http-outgoing-0 << "[\r][\n]"
14:06:40.937 [main] DEBUG com.github.dockerjava.zerodep.shaded.org.apache.hc.client5.http.wire -- http-outgoing-0 << "0[\r][\n]"
14:06:40.937 [main] DEBUG com.github.dockerjava.zerodep.shaded.org.apache.hc.client5.http.wire -- http-outgoing-0 << "[\r][\n]"
14:06:40.940 [main] DEBUG com.github.dockerjava.zerodep.shaded.org.apache.hc.client5.http.impl.classic.InternalHttpClient -- ep-00000003: releasing valid endpoint
14:06:40.940 [main] DEBUG com.github.dockerjava.zerodep.shaded.org.apache.hc.client5.http.impl.io.PoolingHttpClientConnectionManager -- ep-00000003: releasing endpoint
14:06:40.940 [main] DEBUG com.github.dockerjava.zerodep.shaded.org.apache.hc.client5.http.impl.io.PoolingHttpClientConnectionManager -- ep-00000003: connection http-outgoing-0 can be kept alive for 3 MINUTES
14:06:40.940 [main] DEBUG com.github.dockerjava.zerodep.shaded.org.apache.hc.client5.http.impl.io.PoolingHttpClientConnectionManager -- ep-00000003: connection released [route: {}->npipe://localhost:2375][total available: 1; route allocated: 1 of 2147483647; total allocated: 1 of 2147483647]
14:06:40.943 [main] INFO tc.testcontainers/ryuk:0.5.1 -- Container testcontainers/ryuk:0.5.1 is starting: 9ec1f9913c649921d7a439492a953aa52a5c073e7e85f9e91d41d7951bc1cf3a
14:06:40.943 [main] DEBUG org.testcontainers.shaded.com.github.dockerjava.core.command.AbstrDockerCmd -- Cmd: 9ec1f9913c649921d7a439492a953aa52a5c073e7e85f9e91d41d7951bc1cf3a
14:06:40.945 [main] DEBUG com.github.dockerjava.zerodep.shaded.org.apache.hc.client5.http.impl.classic.InternalHttpClient -- ex-00000005: preparing request execution
14:06:40.945 [main] DEBUG com.github.dockerjava.zerodep.shaded.org.apache.hc.client5.http.protocol.RequestAddCookies -- Cookie spec selected: strict
14:06:40.945 [main] DEBUG com.github.dockerjava.zerodep.shaded.org.apache.hc.client5.http.protocol.RequestAuthCache -- Auth cache not set in the context
14:06:40.945 [main] DEBUG com.github.dockerjava.zerodep.shaded.org.apache.hc.client5.http.impl.classic.ProtocolExec -- ex-00000005: target auth state: UNCHALLENGED
14:06:40.945 [main] DEBUG com.github.dockerjava.zerodep.shaded.org.apache.hc.client5.http.impl.classic.ProtocolExec -- ex-00000005: proxy auth state: UNCHALLENGED
14:06:40.945 [main] DEBUG com.github.dockerjava.zerodep.shaded.org.apache.hc.client5.http.impl.classic.ConnectExec -- ex-00000005: acquiring connection with route {}->npipe://localhost:2375
14:06:40.945 [main] DEBUG com.github.dockerjava.zerodep.shaded.org.apache.hc.client5.http.impl.classic.InternalHttpClient -- ex-00000005: acquiring endpoint (3 MINUTES)
14:06:40.945 [main] DEBUG com.github.dockerjava.zerodep.shaded.org.apache.hc.client5.http.impl.io.PoolingHttpClientConnectionManager -- ex-00000005: endpoint lease request (3 MINUTES) [route: {}->npipe://localhost:2375][total available: 1; route allocated: 1 of 2147483647; total allocated: 1 of 2147483647]
14:06:40.945 [main] DEBUG com.github.dockerjava.zerodep.shaded.org.apache.hc.client5.http.impl.io.PoolingHttpClientConnectionManager -- ex-00000005: endpoint leased [route: {}->npipe://localhost:2375][total available: 0; route allocated: 1 of 2147483647; total allocated: 1 of 2147483647]
14:06:40.945 [main] DEBUG com.github.dockerjava.zerodep.shaded.org.apache.hc.client5.http.impl.io.PoolingHttpClientConnectionManager -- ex-00000005: acquired ep-00000004
14:06:40.945 [main] DEBUG com.github.dockerjava.zerodep.shaded.org.apache.hc.client5.http.impl.classic.InternalHttpClient -- ex-00000005: acquired endpoint ep-00000004
14:06:40.945 [main] DEBUG com.github.dockerjava.zerodep.shaded.org.apache.hc.client5.http.impl.classic.MainClientExec -- ex-00000005: executing POST /v1.32/containers/9ec1f9913c649921d7a439492a953aa52a5c073e7e85f9e91d41d7951bc1cf3a/start HTTP/1.1
14:06:40.945 [main] DEBUG com.github.dockerjava.zerodep.shaded.org.apache.hc.client5.http.impl.classic.InternalHttpClient -- ep-00000004: start execution ex-00000005
14:06:40.945 [main] DEBUG com.github.dockerjava.zerodep.shaded.org.apache.hc.client5.http.impl.io.PoolingHttpClientConnectionManager -- ep-00000004: executing exchange ex-00000005 over http-outgoing-0
14:06:40.945 [main] DEBUG com.github.dockerjava.zerodep.shaded.org.apache.hc.client5.http.headers -- http-outgoing-0 >> POST /v1.32/containers/9ec1f9913c649921d7a439492a953aa52a5c073e7e85f9e91d41d7951bc1cf3a/start HTTP/1.1
14:06:40.945 [main] DEBUG com.github.dockerjava.zerodep.shaded.org.apache.hc.client5.http.headers -- http-outgoing-0 >> accept: application/json
14:06:40.945 [main] DEBUG com.github.dockerjava.zerodep.shaded.org.apache.hc.client5.http.headers -- http-outgoing-0 >> content-type: application/json
14:06:40.945 [main] DEBUG com.github.dockerjava.zerodep.shaded.org.apache.hc.client5.http.headers -- http-outgoing-0 >> x-tc-sid: da367256-b0ba-4546-b6e9-925b7156127f
14:06:40.945 [main] DEBUG com.github.dockerjava.zerodep.shaded.org.apache.hc.client5.http.headers -- http-outgoing-0 >> Accept-Encoding: gzip, x-gzip, deflate
14:06:40.945 [main] DEBUG com.github.dockerjava.zerodep.shaded.org.apache.hc.client5.http.headers -- http-outgoing-0 >> Host: localhost:2375
14:06:40.945 [main] DEBUG com.github.dockerjava.zerodep.shaded.org.apache.hc.client5.http.headers -- http-outgoing-0 >> Connection: keep-alive
14:06:40.945 [main] DEBUG com.github.dockerjava.zerodep.shaded.org.apache.hc.client5.http.headers -- http-outgoing-0 >> User-Agent: Apache-HttpClient/5.0.3 (Java/17)
14:06:40.945 [main] DEBUG com.github.dockerjava.zerodep.shaded.org.apache.hc.client5.http.wire -- http-outgoing-0 >> "POST /v1.32/containers/9ec1f9913c649921d7a439492a953aa52a5c073e7e85f9e91d41d7951bc1cf3a/start HTTP/1.1[\r][\n]"
14:06:40.946 [main] DEBUG com.github.dockerjava.zerodep.shaded.org.apache.hc.client5.http.wire -- http-outgoing-0 >> "accept: application/json[\r][\n]"
14:06:40.946 [main] DEBUG com.github.dockerjava.zerodep.shaded.org.apache.hc.client5.http.wire -- http-outgoing-0 >> "content-type: application/json[\r][\n]"
14:06:40.946 [main] DEBUG com.github.dockerjava.zerodep.shaded.org.apache.hc.client5.http.wire -- http-outgoing-0 >> "x-tc-sid: da367256-b0ba-4546-b6e9-925b7156127f[\r][\n]"
14:06:40.946 [main] DEBUG com.github.dockerjava.zerodep.shaded.org.apache.hc.client5.http.wire -- http-outgoing-0 >> "Accept-Encoding: gzip, x-gzip, deflate[\r][\n]"
14:06:40.946 [main] DEBUG com.github.dockerjava.zerodep.shaded.org.apache.hc.client5.http.wire -- http-outgoing-0 >> "Host: localhost:2375[\r][\n]"
14:06:40.946 [main] DEBUG com.github.dockerjava.zerodep.shaded.org.apache.hc.client5.http.wire -- http-outgoing-0 >> "Connection: keep-alive[\r][\n]"
14:06:40.946 [main] DEBUG com.github.dockerjava.zerodep.shaded.org.apache.hc.client5.http.wire -- http-outgoing-0 >> "User-Agent: Apache-HttpClient/5.0.3 (Java/17)[\r][\n]"
14:06:40.946 [main] DEBUG com.github.dockerjava.zerodep.shaded.org.apache.hc.client5.http.wire -- http-outgoing-0 >> "[\r][\n]"
14:06:41.261 [main] DEBUG com.github.dockerjava.zerodep.shaded.org.apache.hc.client5.http.wire -- http-outgoing-0 << "HTTP/1.1 204 No Content[\r][\n]"
14:06:41.261 [main] DEBUG com.github.dockerjava.zerodep.shaded.org.apache.hc.client5.http.wire -- http-outgoing-0 << "Api-Version: 1.43[\r][\n]"
14:06:41.261 [main] DEBUG com.github.dockerjava.zerodep.shaded.org.apache.hc.client5.http.wire -- http-outgoing-0 << "Date: Wed, 07 Jun 2023 08:36:41 GMT[\r][\n]"
14:06:41.261 [main] DEBUG com.github.dockerjava.zerodep.shaded.org.apache.hc.client5.http.wire -- http-outgoing-0 << "Docker-Experimental: false[\r][\n]"
14:06:41.261 [main] DEBUG com.github.dockerjava.zerodep.shaded.org.apache.hc.client5.http.wire -- http-outgoing-0 << "Ostype: linux[\r][\n]"
14:06:41.261 [main] DEBUG com.github.dockerjava.zerodep.shaded.org.apache.hc.client5.http.wire -- http-outgoing-0 << "Server: Docker/24.0.2 (linux)[\r][\n]"
14:06:41.261 [main] DEBUG com.github.dockerjava.zerodep.shaded.org.apache.hc.client5.http.wire -- http-outgoing-0 << "[\r][\n]"
14:06:41.262 [main] DEBUG com.github.dockerjava.zerodep.shaded.org.apache.hc.client5.http.headers -- http-outgoing-0 << HTTP/1.1 204 No Content
14:06:41.262 [main] DEBUG com.github.dockerjava.zerodep.shaded.org.apache.hc.client5.http.headers -- http-outgoing-0 << Api-Version: 1.43
14:06:41.262 [main] DEBUG com.github.dockerjava.zerodep.shaded.org.apache.hc.client5.http.headers -- http-outgoing-0 << Date: Wed, 07 Jun 2023 08:36:41 GMT
14:06:41.262 [main] DEBUG com.github.dockerjava.zerodep.shaded.org.apache.hc.client5.http.headers -- http-outgoing-0 << Docker-Experimental: false
14:06:41.262 [main] DEBUG com.github.dockerjava.zerodep.shaded.org.apache.hc.client5.http.headers -- http-outgoing-0 << Ostype: linux
14:06:41.262 [main] DEBUG com.github.dockerjava.zerodep.shaded.org.apache.hc.client5.http.headers -- http-outgoing-0 << Server: Docker/24.0.2 (linux)
14:06:41.262 [main] DEBUG com.github.dockerjava.zerodep.shaded.org.apache.hc.client5.http.impl.classic.MainClientExec -- ex-00000005: connection can be kept alive for 3 MINUTES
14:06:41.262 [main] DEBUG com.github.dockerjava.zerodep.shaded.org.apache.hc.client5.http.impl.classic.InternalHttpClient -- ep-00000004: releasing valid endpoint
14:06:41.262 [main] DEBUG com.github.dockerjava.zerodep.shaded.org.apache.hc.client5.http.impl.io.PoolingHttpClientConnectionManager -- ep-00000004: releasing endpoint
14:06:41.262 [main] DEBUG com.github.dockerjava.zerodep.shaded.org.apache.hc.client5.http.impl.io.PoolingHttpClientConnectionManager -- ep-00000004: connection http-outgoing-0 can be kept alive for 3 MINUTES
14:06:41.262 [main] DEBUG com.github.dockerjava.zerodep.shaded.org.apache.hc.client5.http.impl.io.PoolingHttpClientConnectionManager -- ep-00000004: connection released [route: {}->npipe://localhost:2375][total available: 1; route allocated: 1 of 2147483647; total allocated: 1 of 2147483647]
14:06:41.267 [main] DEBUG org.testcontainers.shaded.com.github.dockerjava.core.command.AbstrDockerCmd -- Cmd: 9ec1f9913c649921d7a439492a953aa52a5c073e7e85f9e91d41d7951bc1cf3a,false
14:06:41.267 [main] DEBUG org.testcontainers.shaded.com.github.dockerjava.core.exec.InspectContainerCmdExec -- GET: DefaultWebTarget{path=[/containers/9ec1f9913c649921d7a439492a953aa52a5c073e7e85f9e91d41d7951bc1cf3a/json], queryParams={}}
14:06:41.268 [main] DEBUG com.github.dockerjava.zerodep.shaded.org.apache.hc.client5.http.impl.classic.InternalHttpClient -- ex-00000006: preparing request execution
14:06:41.268 [main] DEBUG com.github.dockerjava.zerodep.shaded.org.apache.hc.client5.http.protocol.RequestAddCookies -- Cookie spec selected: strict
14:06:41.268 [main] DEBUG com.github.dockerjava.zerodep.shaded.org.apache.hc.client5.http.protocol.RequestAuthCache -- Auth cache not set in the context
14:06:41.268 [main] DEBUG com.github.dockerjava.zerodep.shaded.org.apache.hc.client5.http.impl.classic.ProtocolExec -- ex-00000006: target auth state: UNCHALLENGED
14:06:41.268 [main] DEBUG com.github.dockerjava.zerodep.shaded.org.apache.hc.client5.http.impl.classic.ProtocolExec -- ex-00000006: proxy auth state: UNCHALLENGED
14:06:41.268 [main] DEBUG com.github.dockerjava.zerodep.shaded.org.apache.hc.client5.http.impl.classic.ConnectExec -- ex-00000006: acquiring connection with route {}->npipe://localhost:2375
14:06:41.268 [main] DEBUG com.github.dockerjava.zerodep.shaded.org.apache.hc.client5.http.impl.classic.InternalHttpClient -- ex-00000006: acquiring endpoint (3 MINUTES)
14:06:41.268 [main] DEBUG com.github.dockerjava.zerodep.shaded.org.apache.hc.client5.http.impl.io.PoolingHttpClientConnectionManager -- ex-00000006: endpoint lease request (3 MINUTES) [route: {}->npipe://localhost:2375][total available: 1; route allocated: 1 of 2147483647; total allocated: 1 of 2147483647]
14:06:41.268 [main] DEBUG com.github.dockerjava.zerodep.shaded.org.apache.hc.client5.http.impl.io.PoolingHttpClientConnectionManager -- ex-00000006: endpoint leased [route: {}->npipe://localhost:2375][total available: 0; route allocated: 1 of 2147483647; total allocated: 1 of 2147483647]
14:06:41.269 [main] DEBUG com.github.dockerjava.zerodep.shaded.org.apache.hc.client5.http.impl.io.PoolingHttpClientConnectionManager -- ex-00000006: acquired ep-00000005
14:06:41.269 [main] DEBUG com.github.dockerjava.zerodep.shaded.org.apache.hc.client5.http.impl.classic.InternalHttpClient -- ex-00000006: acquired endpoint ep-00000005
14:06:41.269 [main] DEBUG com.github.dockerjava.zerodep.shaded.org.apache.hc.client5.http.impl.classic.MainClientExec -- ex-00000006: executing GET /v1.32/containers/9ec1f9913c649921d7a439492a953aa52a5c073e7e85f9e91d41d7951bc1cf3a/json HTTP/1.1
14:06:41.269 [main] DEBUG com.github.dockerjava.zerodep.shaded.org.apache.hc.client5.http.impl.classic.InternalHttpClient -- ep-00000005: start execution ex-00000006
14:06:41.269 [main] DEBUG com.github.dockerjava.zerodep.shaded.org.apache.hc.client5.http.impl.io.PoolingHttpClientConnectionManager -- ep-00000005: executing exchange ex-00000006 over http-outgoing-0
14:06:41.269 [main] DEBUG com.github.dockerjava.zerodep.shaded.org.apache.hc.client5.http.headers -- http-outgoing-0 >> GET /v1.32/containers/9ec1f9913c649921d7a439492a953aa52a5c073e7e85f9e91d41d7951bc1cf3a/json HTTP/1.1
14:06:41.269 [main] DEBUG com.github.dockerjava.zerodep.shaded.org.apache.hc.client5.http.headers -- http-outgoing-0 >> accept: application/json
14:06:41.269 [main] DEBUG com.github.dockerjava.zerodep.shaded.org.apache.hc.client5.http.headers -- http-outgoing-0 >> x-tc-sid: da367256-b0ba-4546-b6e9-925b7156127f
14:06:41.269 [main] DEBUG com.github.dockerjava.zerodep.shaded.org.apache.hc.client5.http.headers -- http-outgoing-0 >> Accept-Encoding: gzip, x-gzip, deflate
14:06:41.269 [main] DEBUG com.github.dockerjava.zerodep.shaded.org.apache.hc.client5.http.headers -- http-outgoing-0 >> Host: localhost:2375
14:06:41.269 [main] DEBUG com.github.dockerjava.zerodep.shaded.org.apache.hc.client5.http.headers -- http-outgoing-0 >> Connection: keep-alive
14:06:41.269 [main] DEBUG com.github.dockerjava.zerodep.shaded.org.apache.hc.client5.http.headers -- http-outgoing-0 >> User-Agent: Apache-HttpClient/5.0.3 (Java/17)
14:06:41.269 [main] DEBUG com.github.dockerjava.zerodep.shaded.org.apache.hc.client5.http.wire -- http-outgoing-0 >> "GET /v1.32/containers/9ec1f9913c649921d7a439492a953aa52a5c073e7e85f9e91d41d7951bc1cf3a/json HTTP/1.1[\r][\n]"
14:06:41.269 [main] DEBUG com.github.dockerjava.zerodep.shaded.org.apache.hc.client5.http.wire -- http-outgoing-0 >> "accept: application/json[\r][\n]"
14:06:41.269 [main] DEBUG com.github.dockerjava.zerodep.shaded.org.apache.hc.client5.http.wire -- http-outgoing-0 >> "x-tc-sid: da367256-b0ba-4546-b6e9-925b7156127f[\r][\n]"
14:06:41.269 [main] DEBUG com.github.dockerjava.zerodep.shaded.org.apache.hc.client5.http.wire -- http-outgoing-0 >> "Accept-Encoding: gzip, x-gzip, deflate[\r][\n]"
14:06:41.269 [main] DEBUG com.github.dockerjava.zerodep.shaded.org.apache.hc.client5.http.wire -- http-outgoing-0 >> "Host: localhost:2375[\r][\n]"
14:06:41.269 [main] DEBUG com.github.dockerjava.zerodep.shaded.org.apache.hc.client5.http.wire -- http-outgoing-0 >> "Connection: keep-alive[\r][\n]"
14:06:41.269 [main] DEBUG com.github.dockerjava.zerodep.shaded.org.apache.hc.client5.http.wire -- http-outgoing-0 >> "User-Agent: Apache-HttpClient/5.0.3 (Java/17)[\r][\n]"
14:06:41.269 [main] DEBUG com.github.dockerjava.zerodep.shaded.org.apache.hc.client5.http.wire -- http-outgoing-0 >> "[\r][\n]"
14:06:41.273 [main] DEBUG com.github.dockerjava.zerodep.shaded.org.apache.hc.client5.http.wire -- http-outgoing-0 << "HTTP/1.1 200 OK[\r][\n]"
14:06:41.273 [main] DEBUG com.github.dockerjava.zerodep.shaded.org.apache.hc.client5.http.wire -- http-outgoing-0 << "Api-Version: 1.43[\r][\n]"
14:06:41.273 [main] DEBUG com.github.dockerjava.zerodep.shaded.org.apache.hc.client5.http.wire -- http-outgoing-0 << "Content-Type: application/json[\r][\n]"
14:06:41.273 [main] DEBUG com.github.dockerjava.zerodep.shaded.org.apache.hc.client5.http.wire -- http-outgoing-0 << "Date: Wed, 07 Jun 2023 08:36:41 GMT[\r][\n]"
14:06:41.273 [main] DEBUG com.github.dockerjava.zerodep.shaded.org.apache.hc.client5.http.wire -- http-outgoing-0 << "Docker-Experimental: false[\r][\n]"
14:06:41.273 [main] DEBUG com.github.dockerjava.zerodep.shaded.org.apache.hc.client5.http.wire -- http-outgoing-0 << "Ostype: linux[\r][\n]"
14:06:41.273 [main] DEBUG com.github.dockerjava.zerodep.shaded.org.apache.hc.client5.http.wire -- http-outgoing-0 << "Server: Docker/24.0.2 (linux)[\r][\n]"
14:06:41.273 [main] DEBUG com.github.dockerjava.zerodep.shaded.org.apache.hc.client5.http.wire -- http-outgoing-0 << "Transfer-Encoding: chunked[\r][\n]"
14:06:41.273 [main] DEBUG com.github.dockerjava.zerodep.shaded.org.apache.hc.client5.http.wire -- http-outgoing-0 << "[\r][\n]"
14:06:41.273 [main] DEBUG com.github.dockerjava.zerodep.shaded.org.apache.hc.client5.http.headers -- http-outgoing-0 << HTTP/1.1 200 OK
14:06:41.273 [main] DEBUG com.github.dockerjava.zerodep.shaded.org.apache.hc.client5.http.headers -- http-outgoing-0 << Api-Version: 1.43
14:06:41.273 [main] DEBUG com.github.dockerjava.zerodep.shaded.org.apache.hc.client5.http.headers -- http-outgoing-0 << Content-Type: application/json
14:06:41.273 [main] DEBUG com.github.dockerjava.zerodep.shaded.org.apache.hc.client5.http.headers -- http-outgoing-0 << Date: Wed, 07 Jun 2023 08:36:41 GMT
14:06:41.273 [main] DEBUG com.github.dockerjava.zerodep.shaded.org.apache.hc.client5.http.headers -- http-outgoing-0 << Docker-Experimental: false
14:06:41.273 [main] DEBUG com.github.dockerjava.zerodep.shaded.org.apache.hc.client5.http.headers -- http-outgoing-0 << Ostype: linux
14:06:41.273 [main] DEBUG com.github.dockerjava.zerodep.shaded.org.apache.hc.client5.http.headers -- http-outgoing-0 << Server: Docker/24.0.2 (linux)
14:06:41.273 [main] DEBUG com.github.dockerjava.zerodep.shaded.org.apache.hc.client5.http.headers -- http-outgoing-0 << Transfer-Encoding: chunked
14:06:41.274 [main] DEBUG com.github.dockerjava.zerodep.shaded.org.apache.hc.client5.http.impl.classic.MainClientExec -- ex-00000006: connection can be kept alive for 3 MINUTES
14:06:41.274 [main] DEBUG com.github.dockerjava.zerodep.shaded.org.apache.hc.client5.http.wire -- http-outgoing-0 << "1418[\r][\n]"
14:06:41.274 [main] DEBUG com.github.dockerjava.zerodep.shaded.org.apache.hc.client5.http.wire -- http-outgoing-0 << "{"Id":"9ec1f9913c649921d7a439492a953aa52a5c073e7e85f9e91d41d7951bc1cf3a","Created":"2023-06-07T08:36:40.921227961Z","Path":"/bin/ryuk","Args":[],"State":{"Status":"running","Running":true,"Paused":false,"Restarting":false,"OOMKilled":false,"Dead":false,"Pid":4507,"ExitCode":0,"Error":"","StartedAt":"2023-06-07T08:36:41.256104176Z","FinishedAt":"0001-01-01T00:00:00Z"},"Image":"sha256:ec913eeff75a6b5ed284cf17e186213a466ec10a8f471798318ffa0813b5d828","ResolvConfPath":"/var/lib/docker/containers/9ec1f9913c649921d7a439492a953aa52a5c073e7e85f9e91d41d7951bc1cf3a/resolv.conf","HostnamePath":"/var/lib/docker/containers/9ec1f9913c649921d7a439492a953aa52a5c073e7e85f9e91d41d7951bc1cf3a/hostname","HostsPath":"/var/lib/docker/containers/9ec1f9913c649921d7a439492a953aa52a5c073e7e85f9e91d41d7951bc1cf3a/hosts","LogPath":"/var/lib/docker/containers/9ec1f9913c649921d7a439492a953aa52a5c073e7e85f9e91d41d7951bc1cf3a/9ec1f9913c649921d7a439492a953aa52a5c073e7e85f9e91d41d7951bc1cf3a-json.log","Name":"/testcontainers-ryuk-da367256-b0ba-4546-b6e9-925b7156127f","RestartCount":0,"Driver":"overlay2","Platform":"linux","MountLabel":"","ProcessLabel":"","AppArmorProfile":"","ExecIDs":null,"HostConfig":{"Binds":["//var/run/docker.sock:/var/run/docker.sock:rw"],"ContainerIDFile":"","LogConfig":{"Type":"json-file","Config":{}},"NetworkMode":"default","PortBindings":{"8080/tcp":[{"HostIp":"0.0.0.0","HostPort":"0"}]},"RestartPolicy":{"Name":"","MaximumRetryCount":0},"AutoRemove":true,"VolumeDriver":"","VolumesFrom":[],"ConsoleSize":[0,0],"CapAdd":null,"CapDrop":null,"CgroupnsMode":"host","Dns":null,"DnsOptions":null,"DnsSearch":null,"ExtraHosts":[],"GroupAdd":null,"IpcMode":"shareable","Cgroup":"","Links":null,"OomScoreAdj":0,"PidMode":"","Privileged":false,"PublishAllPorts":false,"ReadonlyRootfs":false,"SecurityOpt":null,"UTSMode":"","UsernsMode":"","ShmSize":67108864,"Runtime":"runc","Isolation":"","CpuShares":0,"Memory":0,"NanoCpus":0,"CgroupParent":"","BlkioWeight":0,"BlkioWeightDevice":null,"BlkioDeviceReadBps":null,"BlkioDeviceWriteBps":null,"BlkioDeviceReadIO
[...]
	at org.junit.platform.engine.support.hierarchical.ThrowableCollector.execute(ThrowableCollector.java:73)
	at org.junit.platform.engine.support.hierarchical.NodeTestTask.prepare(NodeTestTask.java:123)
	at org.junit.platform.engine.support.hierarchical.NodeTestTask.execute(NodeTestTask.java:90)
	at java.base/java.util.ArrayList.forEach(ArrayList.java:1511)
	at org.junit.platform.engine.support.hierarchical.SameThreadHierarchicalTestExecutorService.invokeAll(SameThreadHierarchicalTestExecutorService.java:41)
	at org.junit.platform.engine.support.hierarchical.NodeTestTask.lambda$executeRecursively$6(NodeTestTask.java:155)
	at org.junit.platform.engine.support.hierarchical.ThrowableCollector.execute(ThrowableCollector.java:73)
	at org.junit.platform.engine.support.hierarchical.NodeTestTask.lambda$executeRecursively$8(NodeTestTask.java:141)
	at org.junit.platform.engine.support.hierarchical.Node.around(Node.java:137)
	at org.junit.platform.engine.support.hierarchical.NodeTestTask.lambda$executeRecursively$9(NodeTestTask.java:139)
	at org.junit.platform.engine.support.hierarchical.ThrowableCollector.execute(ThrowableCollector.java:73)
	at org.junit.platform.engine.support.hierarchical.NodeTestTask.executeRecursively(NodeTestTask.java:138)
	at org.junit.platform.engine.support.hierarchical.NodeTestTask.execute(NodeTestTask.java:95)
	at java.base/java.util.ArrayList.forEach(ArrayList.java:1511)
	at org.junit.platform.engine.support.hierarchical.SameThreadHierarchicalTestExecutorService.invokeAll(SameThreadHierarchicalTestExecutorService.java:41)
	at org.junit.platform.engine.support.hierarchical.NodeTestTask.lambda$executeRecursively$6(NodeTestTask.java:155)
	at org.junit.platform.engine.support.hierarchical.ThrowableCollector.execute(ThrowableCollector.java:73)
	at org.junit.platform.engine.support.hierarchical.NodeTestTask.lambda$executeRecursively$8(NodeTestTask.java:141)
	at org.junit.platform.engine.support.hierarchical.Node.around(Node.java:137)
	at org.junit.platform.engine.support.hierarchical.NodeTestTask.lambda$executeRecursively$9(NodeTestTask.java:139)
	at org.junit.platform.engine.support.hierarchical.ThrowableCollector.execute(ThrowableCollector.java:73)
	at org.junit.platform.engine.support.hierarchical.NodeTestTask.executeRecursively(NodeTestTask.java:138)
	at org.junit.platform.engine.support.hierarchical.NodeTestTask.execute(NodeTestTask.java:95)
	at org.junit.platform.engine.support.hierarchical.SameThreadHierarchicalTestExecutorService.submit(SameThreadHierarchicalTestExecutorService.java:35)
	at org.junit.platform.engine.support.hierarchical.HierarchicalTestExecutor.execute(HierarchicalTestExecutor.java:57)
	at org.junit.platform.engine.support.hierarchical.HierarchicalTestEngine.execute(HierarchicalTestEngine.java:54)
	at org.junit.platform.launcher.core.DefaultLauncher.execute(DefaultLauncher.java:220)
	at org.junit.platform.launcher.core.DefaultLauncher.lambda$execute$6(DefaultLauncher.java:188)
	at org.junit.platform.launcher.core.DefaultLauncher.withInterceptedStreams(DefaultLauncher.java:202)
	at org.junit.platform.launcher.core.DefaultLauncher.execute(DefaultLauncher.java:181)
	at org.junit.platform.launcher.core.DefaultLauncher.execute(DefaultLauncher.java:128)
	at org.apache.maven.surefire.junitplatform.JUnitPlatformProvider.invokeAllTests(JUnitPlatformProvider.java:150)
	at org.apache.maven.surefire.junitplatform.JUnitPlatformProvider.invoke(JUnitPlatformProvider.java:124)
	at org.apache.maven.surefire.booter.ForkedBooter.invokeProviderInSameClassLoader(ForkedBooter.java:384)
	at org.apache.maven.surefire.booter.ForkedBooter.runSuitesInProcess(ForkedBooter.java:345)
	at org.apache.maven.surefire.booter.ForkedBooter.execute(ForkedBooter.java:126)
	at org.apache.maven.surefire.booter.ForkedBooter.main(ForkedBooter.java:418)

2023-06-07T14:06:47.778+05:30  INFO 940 --- [           main] com.netflix.discovery.DiscoveryClient    : Initial registry fetch from primary servers failed
2023-06-07T14:06:47.778+05:30  WARN 940 --- [           main] com.netflix.discovery.DiscoveryClient    : Using default backup registry implementation which does not do anything.
2023-06-07T14:06:47.779+05:30  INFO 940 --- [           main] com.netflix.discovery.DiscoveryClient    : Initial registry fetch from backup servers failed
2023-06-07T14:06:47.780+05:30  INFO 940 --- [           main] com.netflix.discovery.DiscoveryClient    : Starting heartbeat executor: renew interval is: 30
2023-06-07T14:06:47.782+05:30  INFO 940 --- [           main] c.n.discovery.InstanceInfoReplicator     : InstanceInfoReplicator onDemand update allowed rate per min is 4
2023-06-07T14:06:47.788+05:30  INFO 940 --- [           main] com.netflix.discovery.DiscoveryClient    : Discovery Client initialized at timestamp 1686127007786 with initial instances count: 0
2023-06-07T14:06:47.790+05:30  INFO 940 --- [           main] o.s.c.n.e.s.EurekaServiceRegistry        : Registering application UNKNOWN with eureka with status UP
2023-06-07T14:06:47.793+05:30  INFO 940 --- [           main] com.netflix.discovery.DiscoveryClient    : Saw local status change event StatusChangeEvent [timestamp=1686127007793, current=UP, previous=STARTING]
2023-06-07T14:06:47.799+05:30  INFO 940 --- [nfoReplicator-0] com.netflix.discovery.DiscoveryClient    : DiscoveryClient_UNKNOWN/DESKTOP-O7FBH6J: registering service...
2023-06-07T14:06:47.808+05:30  INFO 940 --- [           main] c.s.p.ProductServiceApplicationTests     : Started ProductServiceApplicationTests in 4.872 seconds (process running for 8.891)
2023-06-07T14:06:47.932+05:30  INFO 940 --- [nfoReplicator-0] c.n.d.s.t.d.RedirectingEurekaHttpClient  : Request execution error. endpoint=DefaultEndpoint{ serviceUrl='http://localhost:8761/eureka/}, exception=I/O error on POST request for "http://localhost:8761/eureka/apps/UNKNOWN": Connect to http://localhost:8761 [localhost/127.0.0.1, localhost/0:0:0:0:0:0:0:1] failed: Connection refused: no further information stacktrace=org.springframework.web.client.ResourceAccessException: I/O error on POST request for "http://localhost:8761/eureka/apps/UNKNOWN": Connect to http://localhost:8761 [localhost/127.0.0.1, localhost/0:0:0:0:0:0:0:1] failed: Connection refused: no further information
	at org.springframework.web.client.RestTemplate.createResourceAccessException(RestTemplate.java:888)
	at org.springframework.web.client.RestTemplate.doExecute(RestTemplate.java:868)
	at org.springframework.web.client.RestTemplate.execute(RestTemplate.java:764)
	at org.springframework.web.client.RestTemplate.exchange(RestTemplate.java:646)
	at org.springframework.cloud.netflix.eureka.http.RestTemplateEurekaHttpClient.register(RestTemplateEurekaHttpClient.java:77)
	at com.netflix.discovery.shared.transport.decorator.EurekaHttpClientDecorator$1.execute(EurekaHttpClientDecorator.java:59)
	at com.netflix.discovery.shared.transport.decorator.RedirectingEurekaHttpClient.executeOnNewServer(RedirectingEurekaHttpClient.java:121)
	at com.netflix.discovery.shared.transport.decorator.RedirectingEurekaHttpClient.execute(RedirectingEurekaHttpClient.java:80)
	at com.netflix.discovery.shared.transport.decorator.EurekaHttpClientDecorator.register(EurekaHttpClientDecorator.java:56)
	at com.netflix.discovery.shared.transport.decorator.EurekaHttpClientDecorator$1.execute(EurekaHttpClientDecorator.java:59)
	at com.netflix.discovery.shared.transport.decorator.RetryableEurekaHttpClient.execute(RetryableEurekaHttpClient.java:120)
	at com.netflix.discovery.shared.transport.decorator.EurekaHttpClientDecorator.register(EurekaHttpClientDecorator.java:56)
	at com.netflix.discovery.shared.transport.decorator.EurekaHttpClientDecorator$1.execute(EurekaHttpClientDecorator.java:59)
	at com.netflix.discovery.shared.transport.decorator.SessionedEurekaHttpClient.execute(SessionedEurekaHttpClient.java:77)
	at com.netflix.discovery.shared.transport.decorator.EurekaHttpClientDecorator.register(EurekaHttpClientDecorator.java:56)
	at com.netflix.discovery.DiscoveryClient.register(DiscoveryClient.java:820)
	at com.netflix.discovery.InstanceInfoReplicator.run(InstanceInfoReplicator.java:121)
	at com.netflix.discovery.InstanceInfoReplicator$1.run(InstanceInfoReplicator.java:101)
	at java.base/java.util.concurrent.Executors$RunnableAdapter.call(Executors.java:539)
	at java.base/java.util.concurrent.FutureTask.run(FutureTask.java:264)
	at java.base/java.util.concurrent.ScheduledThreadPoolExecutor$ScheduledFutureTask.run(ScheduledThreadPoolExecutor.java:304)
	at java.base/java.util.concurrent.ThreadPoolExecutor.runWorker(ThreadPoolExecutor.java:1136)
	at java.base/java.util.concurrent.ThreadPoolExecutor$Worker.run(ThreadPoolExecutor.java:635)
	at java.base/java.lang.Thread.run(Thread.java:833)
Caused by: org.apache.hc.client5.http.HttpHostConnectException: Connect to http://localhost:8761 [localhost/127.0.0.1, localhost/0:0:0:0:0:0:0:1] failed: Connection refused: no further information
	at java.base/sun.nio.ch.Net.pollConnect(Native Method)
	at java.base/sun.nio.ch.Net.pollConnectNow(Net.java:672)
	at java.base/sun.nio.ch.NioSocketImpl.timedFinishConnect(NioSocketImpl.java:542)
	at java.base/sun.nio.ch.NioSocketImpl.connect(NioSocketImpl.java:597)
	at java.base/java.net.SocksSocketImpl.connect(SocksSocketImpl.java:327)
	at java.base/java.net.Socket.connect(Socket.java:633)
	at org.apache.hc.client5.http.socket.PlainConnectionSocketFactory$1.run(PlainConnectionSocketFactory.java:87)
	at java.base/java.security.AccessController.doPrivileged(AccessController.java:569)
	at org.apache.hc.client5.http.socket.PlainConnectionSocketFactory.connectSocket(PlainConnectionSocketFactory.java:84)
	at org.apache.hc.client5.http.impl.io.DefaultHttpClientConnectionOperator.connect(DefaultHttpClientConnectionOperator.java:148)
	at org.apache.hc.client5.http.impl.io.PoolingHttpClientConnectionManager.connect(PoolingHttpClientConnectionManager.java:396)
	at org.apache.hc.client5.http.impl.classic.InternalExecRuntime.connectEndpoint(InternalExecRuntime.java:158)
	at org.apache.hc.client5.http.impl.classic.InternalExecRuntime.connectEndpoint(InternalExecRuntime.java:168)
	at org.apache.hc.client5.http.impl.classic.ConnectExec.execute(ConnectExec.java:136)
	at org.apache.hc.client5.http.impl.classic.ExecChainElement.execute(ExecChainElement.java:51)
	at org.apache.hc.client5.http.impl.classic.ExecChainElement$1.proceed(ExecChainElement.java:57)
	at org.apache.hc.client5.http.impl.classic.ProtocolExec.execute(ProtocolExec.java:190)
	at org.apache.hc.client5.http.impl.classic.ExecChainElement.execute(ExecChainElement.java:51)
	at org.apache.hc.client5.http.impl.classic.ExecChainElement$1.proceed(ExecChainElement.java:57)
	at org.apache.hc.client5.http.impl.classic.HttpRequestRetryExec.execute(HttpRequestRetryExec.java:96)
	at org.apache.hc.client5.http.impl.classic.ExecChainElement.execute(ExecChainElement.java:51)
	at org.apache.hc.client5.http.impl.classic.ExecChainElement$1.proceed(ExecChainElement.java:57)
	at org.apache.hc.client5.http.impl.classic.ContentCompressionExec.execute(ContentCompressionExec.java:133)
	at org.apache.hc.client5.http.impl.classic.ExecChainElement.execute(ExecChainElement.java:51)
	at org.apache.hc.client5.http.impl.classic.ExecChainElement$1.proceed(ExecChainElement.java:57)
	at org.apache.hc.client5.http.impl.classic.RedirectExec.execute(RedirectExec.java:115)
	at org.apache.hc.client5.http.impl.classic.ExecChainElement.execute(ExecChainElement.java:51)
	at org.apache.hc.client5.http.impl.classic.InternalHttpClient.doExecute(InternalHttpClient.java:170)
	at org.apache.hc.client5.http.impl.classic.CloseableHttpClient.execute(CloseableHttpClient.java:75)
	at org.apache.hc.client5.http.impl.classic.CloseableHttpClient.execute(CloseableHttpClient.java:54)
	at org.springframework.http.client.HttpComponentsClientHttpRequest.executeInternal(HttpComponentsClientHttpRequest.java:93)
	at org.springframework.http.client.AbstractBufferingClientHttpRequest.executeInternal(AbstractBufferingClientHttpRequest.java:48)
	at org.springframework.http.client.AbstractClientHttpRequest.execute(AbstractClientHttpRequest.java:66)
	at org.springframework.web.client.RestTemplate.doExecute(RestTemplate.java:862)
	... 22 more

2023-06-07T14:06:47.932+05:30  WARN 940 --- [nfoReplicator-0] c.n.d.s.t.d.RetryableEurekaHttpClient    : Request execution failed with message: I/O error on POST request for "http://localhost:8761/eureka/apps/UNKNOWN": Connect to http://localhost:8761 [localhost/127.0.0.1, localhost/0:0:0:0:0:0:0:1] failed: Connection refused: no further information
2023-06-07T14:06:47.932+05:30  WARN 940 --- [nfoReplicator-0] com.netflix.discovery.DiscoveryClient    : DiscoveryClient_UNKNOWN/DESKTOP-O7FBH6J - registration failed Cannot execute request on any known server

com.netflix.discovery.shared.transport.TransportException: Cannot execute request on any known server
	at com.netflix.discovery.shared.transport.decorator.RetryableEurekaHttpClient.execute(RetryableEurekaHttpClient.java:112) ~[eureka-client-2.0.0.jar:2.0.0]
	at com.netflix.discovery.shared.transport.decorator.EurekaHttpClientDecorator.register(EurekaHttpClientDecorator.java:56) ~[eureka-client-2.0.0.jar:2.0.0]
	at com.netflix.discovery.shared.transport.decorator.EurekaHttpClientDecorator$1.execute(EurekaHttpClientDecorator.java:59) ~[eureka-client-2.0.0.jar:2.0.0]
	at com.netflix.discovery.shared.transport.decorator.SessionedEurekaHttpClient.execute(SessionedEurekaHttpClient.java:77) ~[eureka-client-2.0.0.jar:2.0.0]
	at com.netflix.discovery.shared.transport.decorator.EurekaHttpClientDecorator.register(EurekaHttpClientDecorator.java:56) ~[eureka-client-2.0.0.jar:2.0.0]
	at com.netflix.discovery.DiscoveryClient.register(DiscoveryClient.java:820) ~[eureka-client-2.0.0.jar:2.0.0]
	at com.netflix.discovery.InstanceInfoReplicator.run(InstanceInfoReplicator.java:121) ~[eureka-client-2.0.0.jar:2.0.0]
	at com.netflix.discovery.InstanceInfoReplicator$1.run(InstanceInfoReplicator.java:101) ~[eureka-client-2.0.0.jar:2.0.0]
	at java.base/java.util.concurrent.Executors$RunnableAdapter.call(Executors.java:539) ~[na:na]
	at java.base/java.util.concurrent.FutureTask.run(FutureTask.java:264) ~[na:na]
	at java.base/java.util.concurrent.ScheduledThreadPoolExecutor$ScheduledFutureTask.run(ScheduledThreadPoolExecutor.java:304) ~[na:na]
	at java.base/java.util.concurrent.ThreadPoolExecutor.runWorker(ThreadPoolExecutor.java:1136) ~[na:na]
	at java.base/java.util.concurrent.ThreadPoolExecutor$Worker.run(ThreadPoolExecutor.java:635) ~[na:na]
	at java.base/java.lang.Thread.run(Thread.java:833) ~[na:na]

2023-06-07T14:06:47.940+05:30  WARN 940 --- [nfoReplicator-0] c.n.discovery.InstanceInfoReplicator     : There was a problem with the instance info replicator

com.netflix.discovery.shared.transport.TransportException: Cannot execute request on any known server
	at com.netflix.discovery.shared.transport.decorator.RetryableEurekaHttpClient.execute(RetryableEurekaHttpClient.java:112) ~[eureka-client-2.0.0.jar:2.0.0]
	at com.netflix.discovery.shared.transport.decorator.EurekaHttpClientDecorator.register(EurekaHttpClientDecorator.java:56) ~[eureka-client-2.0.0.jar:2.0.0]
	at com.netflix.discovery.shared.transport.decorator.EurekaHttpClientDecorator$1.execute(EurekaHttpClientDecorator.java:59) ~[eureka-client-2.0.0.jar:2.0.0]
	at com.netflix.discovery.shared.transport.decorator.SessionedEurekaHttpClient.execute(SessionedEurekaHttpClient.java:77) ~[eureka-client-2.0.0.jar:2.0.0]
	at com.netflix.discovery.shared.transport.decorator.EurekaHttpClientDecorator.register(EurekaHttpClientDecorator.java:56) ~[eureka-client-2.0.0.jar:2.0.0]
	at com.netflix.discovery.DiscoveryClient.register(DiscoveryClient.java:820) ~[eureka-client-2.0.0.jar:2.0.0]
	at com.netflix.discovery.InstanceInfoReplicator.run(InstanceInfoReplicator.java:121) ~[eureka-client-2.0.0.jar:2.0.0]
	at com.netflix.discovery.InstanceInfoReplicator$1.run(InstanceInfoReplicator.java:101) ~[eureka-client-2.0.0.jar:2.0.0]
	at java.base/java.util.concurrent.Executors$RunnableAdapter.call(Executors.java:539) ~[na:na]
	at java.base/java.util.concurrent.FutureTask.run(FutureTask.java:264) ~[na:na]
	at java.base/java.util.concurrent.ScheduledThreadPoolExecutor$ScheduledFutureTask.run(ScheduledThreadPoolExecutor.java:304) ~[na:na]
	at java.base/java.util.concurrent.ThreadPoolExecutor.runWorker(ThreadPoolExecutor.java:1136) ~[na:na]
	at java.base/java.util.concurrent.ThreadPoolExecutor$Worker.run(ThreadPoolExecutor.java:635) ~[na:na]
	at java.base/java.lang.Thread.run(Thread.java:833) ~[na:na]


MockHttpServletRequest:
      HTTP Method = GET
      Request URI = /api/product
       Parameters = {}
          Headers = []
             Body = null
    Session Attrs = {}

Handler:
             Type = com.springBootMegaProject.productService.controllers.ProductController
           Method = com.springBootMegaProject.productService.controllers.ProductController#getAllProducts()

Async:
    Async started = false
     Async result = null

Resolved Exception:
             Type = null

ModelAndView:
        View name = null
             View = null
            Model = null

FlashMap:
       Attributes = null

MockHttpServletResponse:
           Status = 200
    Error message = null
          Headers = [Content-Type:"application/json"]
     Content type = application/json
             Body = [{"id":"647740bec45ada170afb86c0","name":"Iphone 14","description":"Iphone 14","price":1400},{"id":"64775505f3832073a7f39bef","name":"Iphone 14","description":"Iphone 14","price":1400},{"id":"6477589db559f52dab24d94d","name":"Iphone 14","description":"Iphone 14","price":1400},{"id":"64775a9b4b95ad4ea7e56513","name":"Iphone 14","description":"Iphone 14","price":1400},{"id":"64775abf7fbad8010edc2af9","name":"Iphone 14","description":"Iphone 14","price":1400},{"id":"64775b560084576a9e2fdae1","name":"Iphone 14","description":"Iphone 14","price":1400},{"id":"64775b87e8b26d6df49e5e11","name":"Iphone 14","description":"Iphone 14","price":1400},{"id":"64803b950e9f9e6aa49775ce","name":"Iphone 14","description":"Iphone 14","price":1400},{"id":"6480413afe6f4837d8d9d1db","name":"Iphone 14","description":"Iphone 14","price":1400}]
    Forwarded URL = null
   Redirected URL = null
          Cookies = []
]]></system-out>
  </testcase>
  <testcase name="shouldCreateProduct" classname="com.springBootMegaProject.productService.ProductServiceApplicationTests" time="0.062">
    <failure message="expected: &lt;5&gt; but was: &lt;10&gt;" type="org.opentest4j.AssertionFailedError"><![CDATA[org.opentest4j.AssertionFailedError: expected: <5> but was: <10>
	at com.springBootMegaProject.productService.ProductServiceApplicationTests.shouldCreateProduct(ProductServiceApplicationTests.java:51)
]]></failure>
    <system-out><![CDATA[2023-06-07T14:06:48.748+05:30  INFO 940 --- [           main] c.s.p.services.ProductService            : Product 648041a0da1f6904ae979321 is saved

MockHttpServletRequest:
      HTTP Method = POST
      Request URI = /api/product
       Parameters = {}
          Headers = [Content-Type:"application/json;charset=UTF-8", Content-Length:"59"]
             Body = {"name":"Iphone 14","description":"Iphone 14","price":1400}
    Session Attrs = {}

Handler:
             Type = com.springBootMegaProject.productService.controllers.ProductController
           Method = com.springBootMegaProject.productService.controllers.ProductController#createProduct(ProductRequest)

Async:
    Async started = false
     Async result = null

Resolved Exception:
             Type = null

ModelAndView:
        View name = null
             View = null
            Model = null

FlashMap:
       Attributes = null

MockHttpServletResponse:
           Status = 201
    Error message = null
          Headers = []
     Content type = null
             Body = 
    Forwarded URL = null
   Redirected URL = null
          Cookies = []
]]></system-out>
  </testcase>
</testsuite>